Arguments: 
  C:\Program Files\nodejs\node.exe C:\Users\miguel\AppData\Local\Yarn\Data\global\node_modules\yarn\bin\yarn.js --non-interactive --ignore-engines

PATH: 
  C:\Program Files\Eclipse Adoptium\jdk-11.0.16.101-hotspot\bin;C:\Program Files\Common Files\Oracle\Java\javapath;C:\WINDOWS\system32;C:\WINDOWS;C:\WINDOWS\System32\Wbem;C:\WINDOWS\System32\WindowsPowerShell\v1.0\;C:\WINDOWS\System32\OpenSSH\;C:\Program Files\Git\cmd;C:\Users\miguel\AppData\Roaming\nvm;C:\Program Files\nodejs;C:\Users\miguel\AppData\Local\Yarn\bin;C:\Program Files\GitHub CLI\;C:\flutter\bin;C:\Program Files\dotnet\;C:\ProgramData\chocolatey\bin;C:\Program Files\nodejs\;C:\xampp\php;C:\ProgramData\ComposerSetup\bin;C:\Users\miguel\AppData\Local\Android\Sdk\platform-tools;C:\Users\miguel\AppData\Local\Microsoft\WindowsApps;C:\Program Files\vtex\bin;C:\Users\miguel\AppData\Local\JetBrains\Toolbox\scripts;C:\Users\miguel\AppData\Roaming\npm;C:\Users\miguel\AppData\Local\Android\Sdk;C:\Users\miguel\AppData\Roaming\Composer\vendor\bin;C:\Users\miguel\AppData\Local\Programs\Microsoft VS Code\bin

Yarn version: 
  1.22.18

Node version: 
  18.0.0

Platform: 
  win32 x64

Trace: 
  Error: unable to verify the first certificate
      at TLSSocket.onConnectSecure (node:_tls_wrap:1531:34)
      at TLSSocket.emit (node:events:527:28)
      at TLSSocket._finishInit (node:_tls_wrap:945:8)
      at ssl.onhandshakedone (node:_tls_wrap:726:12)

npm manifest: 
  {
    "dependencies": {
      "@vtex/api": "6.45.13"
    },
    "devDependencies": {
      "@types/co-body": "^5.1.1",
      "@types/node": "^12.0.0",
      "@vtex/api": "6.45.13",
      "typescript": "3.9.7",
      "vtex.add-to-cart-button": "http://vtex.vtexassets.com/_v/public/typings/v1/vtex.add-to-cart-button@0.28.0/public/@types/vtex.add-to-cart-button",
      "vtex.address-form": "http://vtex.vtexassets.com/_v/public/typings/v1/vtex.address-form@4.15.6/public/@types/vtex.address-form",
      "vtex.channels-components": "http://vtex.vtexassets.com/_v/public/typings/v1/vtex.channels-components@4.6.1/public/@types/vtex.channels-components",
      "vtex.css-handles": "http://vtex.vtexassets.com/_v/public/typings/v1/vtex.css-handles@0.4.4/public/@types/vtex.css-handles",
      "vtex.device-detector": "http://vtex.vtexassets.com/_v/public/typings/v1/vtex.device-detector@0.2.6/public/@types/vtex.device-detector",
      "vtex.flex-layout": "http://vtex.vtexassets.com/_v/public/typings/v1/vtex.flex-layout@0.20.1/public/@types/vtex.flex-layout",
      "vtex.format-currency": "http://vtex.vtexassets.com/_v/public/typings/v1/vtex.format-currency@0.4.1/public/@types/vtex.format-currency",
      "vtex.login": "http://vtex.vtexassets.com/_v/public/typings/v1/vtex.login@2.53.0/public/@types/vtex.login",
      "vtex.menu": "http://vtex.vtexassets.com/_v/public/typings/v1/vtex.menu@2.34.25/public/@types/vtex.menu",
      "vtex.minicart": "http://vtex.vtexassets.com/_v/public/typings/v1/vtex.minicart@2.63.5/public/@types/vtex.minicart",
      "vtex.my-account": "http://vtex.vtexassets.com/_v/public/typings/v1/vtex.my-account@1.25.0/public/@types/vtex.my-account",
      "vtex.my-account-commons": "http://vtex.vtexassets.com/_v/public/typings/v1/vtex.my-account-commons@1.6.0/public/@types/vtex.my-account-commons",
      "vtex.native-types": "http://vtex.vtexassets.com/_v/public/typings/v1/vtex.native-types@0.8.0/public/@types/vtex.native-types",
      "vtex.order-items": "http://vtex.vtexassets.com/_v/public/typings/v1/vtex.order-items@0.13.21/public/@types/vtex.order-items",
      "vtex.order-manager": "http://vtex.vtexassets.com/_v/public/typings/v1/vtex.order-manager@0.12.0/public/@types/vtex.order-manager",
      "vtex.order-placed": "http://vtex.vtexassets.com/_v/public/typings/v1/vtex.order-placed@2.16.0/public/@types/vtex.order-placed",
      "vtex.order-shipping": "http://vtex.vtexassets.com/_v/public/typings/v1/vtex.order-shipping@0.8.0/public/@types/vtex.order-shipping",
      "vtex.paginated-table": "http://vtex.vtexassets.com/_v/public/typings/v1/vtex.paginated-table@0.13.2/public/@types/vtex.paginated-table",
      "vtex.pixel-manager": "http://vtex.vtexassets.com/_v/public/typings/v1/vtex.pixel-manager@1.8.0/public/@types/vtex.pixel-manager",
      "vtex.product-context": "http://vtex.vtexassets.com/_v/public/typings/v1/vtex.product-context@0.10.0/public/@types/vtex.product-context",
      "vtex.product-list-context": "http://vtex.vtexassets.com/_v/public/typings/v1/vtex.product-list-context@0.4.1/public/@types/vtex.product-list-context",
      "vtex.product-review-interfaces": "http://vtex.vtexassets.com/_v/public/typings/v1/vtex.product-review-interfaces@1.0.2/public/_types/react",
      "vtex.product-summary": "http://vtex.vtexassets.com/_v/public/typings/v1/vtex.product-summary@2.80.1/public/@types/vtex.product-summary",
      "vtex.product-summary-context": "http://vtex.vtexassets.com/_v/public/typings/v1/vtex.product-summary-context@0.9.0/public/@types/vtex.product-summary-context",
      "vtex.profile-form": "http://vtex.vtexassets.com/_v/public/typings/v1/vtex.profile-form@2.19.1/public/@types/vtex.profile-form",
      "vtex.render-runtime": "http://vtex.vtexassets.com/_v/public/typings/v1/vtex.render-runtime@8.132.4/public/@types/vtex.render-runtime",
      "vtex.responsive-values": "http://vtex.vtexassets.com/_v/public/typings/v1/vtex.responsive-values@0.4.2/public/@types/vtex.responsive-values",
      "vtex.rich-text": "http://vtex.vtexassets.com/_v/public/typings/v1/vtex.rich-text@0.15.0/public/@types/vtex.rich-text",
      "vtex.search-graphql": "http://vtex.vtexassets.com/_v/public/typings/v1/vtex.search-graphql@0.50.0/public/@types/vtex.search-graphql",
      "vtex.search-page-context": "http://vtex.vtexassets.com/_v/public/typings/v1/vtex.search-page-context@0.2.0/public/@types/vtex.search-page-context",
      "vtex.session-client": "http://vtex.vtexassets.com/_v/public/typings/v1/vtex.session-client@1.0.2/public/@types/vtex.session-client",
      "vtex.shipping-estimate-translator": "http://vtex.vtexassets.com/_v/public/typings/v1/vtex.shipping-estimate-translator@2.2.3/public/@types/vtex.shipping-estimate-translator",
      "vtex.shop-review-interfaces": "http://vtex.vtexassets.com/_v/public/typings/v1/vtex.shop-review-interfaces@0.3.1/public/@types/vtex.shop-review-interfaces",
      "vtex.slider-layout": "http://vtex.vtexassets.com/_v/public/typings/v1/vtex.slider-layout@0.23.0/public/@types/vtex.slider-layout",
      "vtex.store": "http://vtex.vtexassets.com/_v/public/typings/v1/vtex.store@2.127.0/public/@types/vtex.store",
      "vtex.store-components": "http://vtex.vtexassets.com/_v/public/typings/v1/vtex.store-components@3.162.2/public/@types/vtex.store-components",
      "vtex.store-drawer": "http://vtex.vtexassets.com/_v/public/typings/v1/vtex.store-drawer@0.16.2/public/@types/vtex.store-drawer",
      "vtex.store-graphql": "http://vtex.vtexassets.com/_v/public/typings/v1/vtex.store-graphql@2.157.1/public/@types/vtex.store-graphql",
      "vtex.store-icons": "http://vtex.vtexassets.com/_v/public/typings/v1/vtex.store-icons@0.18.0/public/@types/vtex.store-icons",
      "vtex.store-image": "http://vtex.vtexassets.com/_v/public/typings/v1/vtex.store-image@0.15.0/public/@types/vtex.store-image",
      "vtex.store-resources": "http://vtex.vtexassets.com/_v/public/typings/v1/vtex.store-resources@0.88.0/public/@types/vtex.store-resources",
      "vtex.structured-data": "http://vtex.vtexassets.com/_v/public/typings/v1/vtex.structured-data@0.9.1/public/@types/vtex.structured-data",
      "vtex.styleguide": "http://vtex.vtexassets.com/_v/public/typings/v1/vtex.styleguide@9.146.3/public/@types/vtex.styleguide"
    },
    "resolutions": {
      "**/**/minimist": "^0.2.1",
      "**/**/lodash": "^4.17.17",
      "graphql-upload": "^8.1.0"
    }
  }

yarn manifest: 
  No manifest

Lockfile: 
  # THIS IS AN AUTOGENERATED FILE. DO NOT EDIT THIS FILE DIRECTLY.
  # yarn lockfile v1
  
  
  "@babel/runtime@^7.15.4":
    version "7.15.4"
    resolved "https://registry.yarnpkg.com/@babel/runtime/-/runtime-7.15.4.tgz"
    integrity sha512-99catp6bHCaxr4sJ/DbTGgHS4+Rs2RVd2g7iOap6SLGPDknRK9ztKNsE/Fg6QhSeh1FGE5f6gHGQmvvn3I3xhw==
    dependencies:
      regenerator-runtime "^0.13.4"
  
  "@types/accepts@*":
    version "1.3.5"
    resolved "https://registry.yarnpkg.com/@types/accepts/-/accepts-1.3.5.tgz"
    integrity sha512-jOdnI/3qTpHABjM5cx1Hc0sKsPoYCp+DP/GJRGtDlPd7fiV9oXGGIcjW/ZOxLIvjGz8MA+uMZI9metHlgqbgwQ==
    dependencies:
      "@types/node" "*"
  
  "@types/body-parser@*":
    version "1.19.1"
    resolved "https://registry.yarnpkg.com/@types/body-parser/-/body-parser-1.19.1.tgz"
    integrity sha512-a6bTJ21vFOGIkwM0kzh9Yr89ziVxq4vYH2fQ6N8AeipEzai/cFK6aGMArIkUeIdRIgpwQa+2bXiLuUJCpSf2Cg==
    dependencies:
      "@types/connect" "*"
      "@types/node" "*"
  
  "@types/co-body@^5.1.1":
    version "5.1.1"
    resolved "https://registry.yarnpkg.com/@types/co-body/-/co-body-5.1.1.tgz"
    integrity sha512-0/6AjTfQc5OJUchOS4OHiXNPZVuk+5XvEC2vdcizw/bwx0yb0xY7TKSf8JYvQYZ/OJDiAEjWzxnMjGPnSVlPmA==
    dependencies:
      "@types/node" "*"
      "@types/qs" "*"
  
  "@types/connect@*":
    version "3.4.35"
    resolved "https://registry.yarnpkg.com/@types/connect/-/connect-3.4.35.tgz"
    integrity sha512-cdeYyv4KWoEgpBISTxWvqYsVy444DOqehiF3fM3ne10AmJ62RSyNkUnxMJXHQWRQQX2eR94m5y1IZyDwBjV9FQ==
    dependencies:
      "@types/node" "*"
  
  "@types/content-disposition@*":
    version "0.5.4"
    resolved "https://registry.yarnpkg.com/@types/content-disposition/-/content-disposition-0.5.4.tgz"
    integrity sha512-0mPF08jn9zYI0n0Q/Pnz7C4kThdSt+6LD4amsrYDDpgBfrVWa3TcCOxKX1zkGgYniGagRv8heN2cbh+CAn+uuQ==
  
  "@types/cookies@*":
    version "0.7.7"
    resolved "https://registry.yarnpkg.com/@types/cookies/-/cookies-0.7.7.tgz"
    integrity sha512-h7BcvPUogWbKCzBR2lY4oqaZbO3jXZksexYJVFvkrFeLgbZjQkU4x8pRq6eg2MHXQhY0McQdqmmsxRWlVAHooA==
    dependencies:
      "@types/connect" "*"
      "@types/express" "*"
      "@types/keygrip" "*"
      "@types/node" "*"
  
  "@types/express-serve-static-core@^4.17.18":
    version "4.17.24"
    resolved "https://registry.yarnpkg.com/@types/express-serve-static-core/-/express-serve-static-core-4.17.24.tgz"
    integrity sha512-3UJuW+Qxhzwjq3xhwXm2onQcFHn76frIYVbTu+kn24LFxI+dEhdfISDFovPB8VpEgW8oQCTpRuCe+0zJxB7NEA==
    dependencies:
      "@types/node" "*"
      "@types/qs" "*"
      "@types/range-parser" "*"
  
  "@types/express@*":
    version "4.17.13"
    resolved "https://registry.yarnpkg.com/@types/express/-/express-4.17.13.tgz"
    integrity sha512-6bSZTPaTIACxn48l50SR+axgrqm6qXFIxrdAKaG6PaJk3+zuUr35hBlgT7vOmJcum+OEaIBLtHV/qloEAFITeA==
    dependencies:
      "@types/body-parser" "*"
      "@types/express-serve-static-core" "^4.17.18"
      "@types/qs" "*"
      "@types/serve-static" "*"
  
  "@types/http-assert@*":
    version "1.5.3"
    resolved "https://registry.yarnpkg.com/@types/http-assert/-/http-assert-1.5.3.tgz"
    integrity sha512-FyAOrDuQmBi8/or3ns4rwPno7/9tJTijVW6aQQjK02+kOQ8zmoNg2XJtAuQhvQcy1ASJq38wirX5//9J1EqoUA==
  
  "@types/http-errors@*":
    version "1.8.1"
    resolved "https://registry.yarnpkg.com/@types/http-errors/-/http-errors-1.8.1.tgz"
    integrity sha512-e+2rjEwK6KDaNOm5Aa9wNGgyS9oSZU/4pfSMMPYNOfjvFI0WVXm29+ITRFr6aKDvvKo7uU1jV68MW4ScsfDi7Q==
  
  "@types/keygrip@*":
    version "1.0.2"
    resolved "https://registry.yarnpkg.com/@types/keygrip/-/keygrip-1.0.2.tgz"
    integrity sha512-GJhpTepz2udxGexqos8wgaBx4I/zWIDPh/KOGEwAqtuGDkOUJu5eFvwmdBX4AmB8Odsr+9pHCQqiAqDL/yKMKw==
  
  "@types/koa-compose@*", "@types/koa-compose@^3.2.3":
    version "3.2.5"
    resolved "https://registry.yarnpkg.com/@types/koa-compose/-/koa-compose-3.2.5.tgz"
    integrity sha512-B8nG/OoE1ORZqCkBVsup/AKcvjdgoHnfi4pZMn5UwAPCbhk/96xyv284eBYW8JlQbQ7zDmnpFr68I/40mFoIBQ==
    dependencies:
      "@types/koa" "*"
  
  "@types/koa@*", "@types/koa@^2.11.0":
    version "2.13.4"
    resolved "https://registry.yarnpkg.com/@types/koa/-/koa-2.13.4.tgz"
    integrity sha512-dfHYMfU+z/vKtQB7NUrthdAEiSvnLebvBjwHtfFmpZmB7em2N3WVQdHgnFq+xvyVgxW5jKDmjWfLD3lw4g4uTw==
    dependencies:
      "@types/accepts" "*"
      "@types/content-disposition" "*"
      "@types/cookies" "*"
      "@types/http-assert" "*"
      "@types/http-errors" "*"
      "@types/keygrip" "*"
      "@types/koa-compose" "*"
      "@types/node" "*"
  
  "@types/mime@^1":
    version "1.3.2"
    resolved "https://registry.yarnpkg.com/@types/mime/-/mime-1.3.2.tgz"
    integrity sha512-YATxVxgRqNH6nHEIsvg6k2Boc1JHI9ZbH5iWFFv/MTkchz3b1ieGDa5T0a9RznNdI0KhVbdbWSN+KWWrQZRxTw==
  
  "@types/node@*":
    version "16.11.1"
    resolved "https://registry.yarnpkg.com/@types/node/-/node-16.11.1.tgz"
    integrity sha512-PYGcJHL9mwl1Ek3PLiYgyEKtwTMmkMw4vbiyz/ps3pfdRYLVv+SN7qHVAImrjdAXxgluDEw6Ph4lyv+m9UpRmA==
  
  "@types/node@^12.0.0":
    version "12.20.33"
    resolved "https://registry.yarnpkg.com/@types/node/-/node-12.20.33.tgz"
    integrity sha512-5XmYX2GECSa+CxMYaFsr2mrql71Q4EvHjKS+ox/SiwSdaASMoBIWE6UmZqFO+VX1jIcsYLStI4FFoB6V7FeIYw==
  
  "@types/qs@*":
    version "6.9.7"
    resolved "https://registry.yarnpkg.com/@types/qs/-/qs-6.9.7.tgz"
    integrity sha512-FGa1F62FT09qcrueBA6qYTrJPVDzah9a+493+o2PCXsesWHIn27G98TsSMs3WPNbZIEj4+VJf6saSFpvD+3Zsw==
  
  "@types/range-parser@*":
    version "1.2.4"
    resolved "https://registry.yarnpkg.com/@types/range-parser/-/range-parser-1.2.4.tgz"
    integrity sha512-EEhsLsD6UsDM1yFhAvy0Cjr6VwmpMWqFBCb9w07wVugF7w9nfajxLuVmngTIpgS6svCnm6Vaw+MZhoDCKnOfsw==
  
  "@types/serve-static@*":
    version "1.13.10"
    resolved "https://registry.yarnpkg.com/@types/serve-static/-/serve-static-1.13.10.tgz"
    integrity sha512-nCkHGI4w7ZgAdNkrEu0bv+4xNV/XDqW+DydknebMOQwkpDGx8G+HTlj7R7ABI8i8nKxVw0wtKPi1D+lPOkh4YQ==
    dependencies:
      "@types/mime" "^1"
      "@types/node" "*"
  
  "@vtex/api@6.45.13":
    version "6.45.13"
    resolved "https://registry.yarnpkg.com/@vtex/api/-/api-6.45.13.tgz#836c392fa9567009e34559f08698f6efc95e88cc"
    integrity sha512-P22/ObNdsgLvagetcDrovFfSXHe8Jb4yHud4U0rXHfIYEIMSnEdQ/QHujF3CEa5AiZnvbR/5W5ynGtWHYHOv9A==
    dependencies:
      "@types/koa" "^2.11.0"
      "@types/koa-compose" "^3.2.3"
      "@vtex/node-error-report" "^0.0.3"
      "@wry/equality" "^0.1.9"
      agentkeepalive "^4.0.2"
      apollo-server-errors "^2.2.1"
      archiver "^3.0.0"
      axios "^0.21.1"
      axios-retry "^3.1.2"
      bluebird "^3.5.4"
      chalk "^2.4.2"
      co-body "^6.0.0"
      cookie "^0.3.1"
      dataloader "^1.4.0"
      fast-json-stable-stringify "^2.0.0"
      fs-extra "^7.0.0"
      graphql "^14.5.8"
      graphql-tools "^4.0.6"
      graphql-upload "^8.1.0"
      jaeger-client "^3.18.0"
      js-base64 "^2.5.1"
      koa "^2.11.0"
      koa-compose "^4.1.0"
      koa-compress "^3.0.0"
      koa-router "^7.4.0"
      lru-cache "^5.1.1"
      mime-types "^2.1.12"
      opentracing "^0.14.4"
      p-limit "^2.2.0"
      prom-client "^12.0.0"
      qs "^6.5.1"
      querystring "^0.2.0"
      ramda "^0.26.0"
      rwlock "^5.0.0"
      semver "^5.5.1"
      stats-lite vtex/node-stats-lite#dist
      tar-fs "^2.0.0"
      tokenbucket "^0.3.2"
      uuid "^3.3.3"
      xss "^1.0.6"
  
  "@vtex/node-error-report@^0.0.3":
    version "0.0.3"
    resolved "https://registry.yarnpkg.com/@vtex/node-error-report/-/node-error-report-0.0.3.tgz"
    integrity sha512-HhBworWQfSs6PU3yroloc7H2/pWboDIzgdiJ6SYc3mJVRU5/bXtwM9HGPkAGZvAb/0cMwFC963SYYKvOfeSjbA==
    dependencies:
      is-stream "^2.0.0"
  
  "@wry/equality@^0.1.2", "@wry/equality@^0.1.9":
    version "0.1.11"
    resolved "https://registry.yarnpkg.com/@wry/equality/-/equality-0.1.11.tgz"
    integrity sha512-mwEVBDUVODlsQQ5dfuLUS5/Tf7jqUKyhKYHmVi4fPB6bDMOfWvUPJmKgS1Z7Za/sOI3vzWt4+O7yCiL/70MogA==
    dependencies:
      tslib "^1.9.3"
  
  accepts@^1.3.5:
    version "1.3.7"
    resolved "https://registry.yarnpkg.com/accepts/-/accepts-1.3.7.tgz"
    integrity sha512-Il80Qs2WjYlJIBNzNkK6KYqlVMTbZLXgHx2oT0pU/fjRHyEp+PEfEPY0R3WCwAGVOtauxh1hOxNgIf5bv7dQpA==
    dependencies:
      mime-types "~2.1.24"
      negotiator "0.6.2"
  
  agentkeepalive@^4.0.2:
    version "4.1.4"
    resolved "https://registry.yarnpkg.com/agentkeepalive/-/agentkeepalive-4.1.4.tgz"
    integrity sha512-+V/rGa3EuU74H6wR04plBb7Ks10FbtUQgRj/FQOG7uUIEuaINI+AiqJR1k6t3SVNs7o7ZjIdus6706qqzVq8jQ==
    dependencies:
      debug "^4.1.0"
      depd "^1.1.2"
      humanize-ms "^1.2.1"
  
  ansi-color@^0.2.1:
    version "0.2.1"
    resolved "https://registry.yarnpkg.com/ansi-color/-/ansi-color-0.2.1.tgz"
    integrity sha1-PnXAN0dSF1RO12Oo21cJ+prlv5o=
  
  ansi-styles@^3.2.1:
    version "3.2.1"
    resolved "https://registry.yarnpkg.com/ansi-styles/-/ansi-styles-3.2.1.tgz"
    integrity sha512-VT0ZI6kZRdTh8YyJw3SMbYm/u+NqfsAxEpWO0Pf9sq8/e94WxxOpPKx9FR1FlyCtOVDNOQ+8ntlqFxiRc+r5qA==
    dependencies:
      color-convert "^1.9.0"
  
  any-promise@^1.1.0:
    version "1.3.0"
    resolved "https://registry.yarnpkg.com/any-promise/-/any-promise-1.3.0.tgz"
    integrity sha1-q8av7tzqUugJzcA3au0845Y10X8=
  
  apollo-link@^1.2.14:
    version "1.2.14"
    resolved "https://registry.yarnpkg.com/apollo-link/-/apollo-link-1.2.14.tgz"
    integrity sha512-p67CMEFP7kOG1JZ0ZkYZwRDa369w5PIjtMjvrQd/HnIV8FRsHRqLqK+oAZQnFa1DDdZtOtHTi+aMIW6EatC2jg==
    dependencies:
      apollo-utilities "^1.3.0"
      ts-invariant "^0.4.0"
      tslib "^1.9.3"
      zen-observable-ts "^0.8.21"
  
  apollo-server-errors@^2.2.1:
    version "2.5.0"
    resolved "https://registry.yarnpkg.com/apollo-server-errors/-/apollo-server-errors-2.5.0.tgz"
    integrity sha512-lO5oTjgiC3vlVg2RKr3RiXIIQ5pGXBFxYGGUkKDhTud3jMIhs+gel8L8zsEjKaKxkjHhCQAA/bcEfYiKkGQIvA==
  
  apollo-utilities@^1.0.1, apollo-utilities@^1.3.0:
    version "1.3.4"
    resolved "https://registry.yarnpkg.com/apollo-utilities/-/apollo-utilities-1.3.4.tgz"
    integrity sha512-pk2hiWrCXMAy2fRPwEyhvka+mqwzeP60Jr1tRYi5xru+3ko94HI9o6lK0CT33/w4RDlxWchmdhDCrvdr+pHCig==
    dependencies:
      "@wry/equality" "^0.1.2"
      fast-json-stable-stringify "^2.0.0"
      ts-invariant "^0.4.0"
      tslib "^1.10.0"
  
  archiver-utils@^2.1.0:
    version "2.1.0"
    resolved "https://registry.yarnpkg.com/archiver-utils/-/archiver-utils-2.1.0.tgz"
    integrity sha512-bEL/yUb/fNNiNTuUz979Z0Yg5L+LzLxGJz8x79lYmR54fmTIb6ob/hNQgkQnIUDWIFjZVQwl9Xs356I6BAMHfw==
    dependencies:
      glob "^7.1.4"
      graceful-fs "^4.2.0"
      lazystream "^1.0.0"
      lodash.defaults "^4.2.0"
      lodash.difference "^4.5.0"
      lodash.flatten "^4.4.0"
      lodash.isplainobject "^4.0.6"
      lodash.union "^4.6.0"
      normalize-path "^3.0.0"
      readable-stream "^2.0.0"
  
  archiver@^3.0.0:
    version "3.1.1"
    resolved "https://registry.yarnpkg.com/archiver/-/archiver-3.1.1.tgz"
    integrity sha512-5Hxxcig7gw5Jod/8Gq0OneVgLYET+oNHcxgWItq4TbhOzRLKNAFUb9edAftiMKXvXfCB0vbGrJdZDNq0dWMsxg==
    dependencies:
      archiver-utils "^2.1.0"
      async "^2.6.3"
      buffer-crc32 "^0.2.1"
      glob "^7.1.4"
      readable-stream "^3.4.0"
      tar-stream "^2.1.0"
      zip-stream "^2.1.2"
  
  async@^2.6.3:
    version "2.6.3"
    resolved "https://registry.yarnpkg.com/async/-/async-2.6.3.tgz"
    integrity sha512-zflvls11DCy+dQWzTW2dzuilv8Z5X/pjfmZOWba6TNIVDm+2UDaJmXSOXlasHKfNBs8oo3M0aT50fDEWfKZjXg==
    dependencies:
      lodash "^4.17.14"
  
  axios-retry@^3.1.2:
    version "3.2.3"
    resolved "https://registry.yarnpkg.com/axios-retry/-/axios-retry-3.2.3.tgz"
    integrity sha512-JfxUUN6PDyinrDVP/NbCKxmwvwJfMfQ0DLs95o/OEd+mw5+hrBXNGfx1Wq2gskd7ODWc4kcd9CjStCpDv3Us4g==
    dependencies:
      "@babel/runtime" "^7.15.4"
      is-retry-allowed "^2.2.0"
  
  axios@^0.21.1:
    version "0.21.4"
    resolved "https://registry.yarnpkg.com/axios/-/axios-0.21.4.tgz"
    integrity sha512-ut5vewkiu8jjGBdqpM44XxjuCjq9LAKeHVmoVfHVzy8eHgxxq8SbAVQNovDA8mVi05kP0Ea/n/UzcSHcTJQfNg==
    dependencies:
      follow-redirects "^1.14.0"
  
  balanced-match@^1.0.0:
    version "1.0.2"
    resolved "https://registry.yarnpkg.com/balanced-match/-/balanced-match-1.0.2.tgz"
    integrity sha512-3oSeUO0TMV67hN1AmbXsK4yaqU7tjiHlbxRDZOpH0KW9+CeX4bRAaX0Anxt0tx2MrpRpWwQaPwIlISEJhYU5Pw==
  
  base64-js@^1.3.1:
    version "1.5.1"
    resolved "https://registry.yarnpkg.com/base64-js/-/base64-js-1.5.1.tgz"
    integrity sha512-AKpaYlHn8t4SVbOHCy+b5+KKgvR4vrsD8vbvrbiQJps7fKDTkjkDry6ji0rUJjC0kzbNePLwzxq8iypo41qeWA==
  
  bintrees@1.0.1:
    version "1.0.1"
    resolved "https://registry.yarnpkg.com/bintrees/-/bintrees-1.0.1.tgz"
    integrity sha1-DmVcm5wkNeqraL9AJyJtK1WjRSQ=
  
  bl@^4.0.3:
    version "4.1.0"
    resolved "https://registry.yarnpkg.com/bl/-/bl-4.1.0.tgz"
    integrity sha512-1W07cM9gS6DcLperZfFSj+bWLtaPGSOHWhPiGzXmvVJbRLdG82sH/Kn8EtW1VqWVA54AKf2h5k5BbnIbwF3h6w==
    dependencies:
      buffer "^5.5.0"
      inherits "^2.0.4"
      readable-stream "^3.4.0"
  
  bluebird@2.9.24:
    version "2.9.24"
    resolved "https://registry.yarnpkg.com/bluebird/-/bluebird-2.9.24.tgz"
    integrity sha1-FKLnXwVIMj3DWqRA2SAHyhVOlnw=
  
  bluebird@^3.5.4:
    version "3.7.2"
    resolved "https://registry.yarnpkg.com/bluebird/-/bluebird-3.7.2.tgz"
    integrity sha512-XpNj6GDQzdfW+r2Wnn7xiSAd7TM3jzkxGXBGTtWKuSXv1xUV+azxAm8jdWZN06QTQk+2N2XB9jRDkvbmQmcRtg==
  
  brace-expansion@^1.1.7:
    version "1.1.11"
    resolved "https://registry.yarnpkg.com/brace-expansion/-/brace-expansion-1.1.11.tgz"
    integrity sha512-iCuPHDFgrHX7H2vEI/5xpz07zSHB00TpugqhmYtVmMO6518mCuRMoOYFldEBl0g187ufozdaHgWKcYFb61qGiA==
    dependencies:
      balanced-match "^1.0.0"
      concat-map "0.0.1"
  
  buffer-crc32@^0.2.1, buffer-crc32@^0.2.13:
    version "0.2.13"
    resolved "https://registry.yarnpkg.com/buffer-crc32/-/buffer-crc32-0.2.13.tgz"
    integrity sha1-DTM+PwDqxQqhRUq9MO+MKl2ackI=
  
  buffer@^5.1.0, buffer@^5.5.0:
    version "5.7.1"
    resolved "https://registry.yarnpkg.com/buffer/-/buffer-5.7.1.tgz"
    integrity sha512-EHcyIPBQ4BSGlvjB16k5KgAJ27CIsHY/2JBmCRReo48y9rQ3MaUzWX3KVlBa4U7MyX02HdVj0K7C3WaB3ju7FQ==
    dependencies:
      base64-js "^1.3.1"
      ieee754 "^1.1.13"
  
  bufrw@^1.3.0:
    version "1.3.0"
    resolved "https://registry.yarnpkg.com/bufrw/-/bufrw-1.3.0.tgz"
    integrity sha512-jzQnSbdJqhIltU9O5KUiTtljP9ccw2u5ix59McQy4pV2xGhVLhRZIndY8GIrgh5HjXa6+QJ9AQhOd2QWQizJFQ==
    dependencies:
      ansi-color "^0.2.1"
      error "^7.0.0"
      hexer "^1.5.0"
      xtend "^4.0.0"
  
  busboy@^0.3.1:
    version "0.3.1"
    resolved "https://registry.yarnpkg.com/busboy/-/busboy-0.3.1.tgz"
    integrity sha512-y7tTxhGKXcyBxRKAni+awqx8uqaJKrSFSNFSeRG5CsWNdmy2BIK+6VGWEW7TZnIO/533mtMEA4rOevQV815YJw==
    dependencies:
      dicer "0.3.0"
  
  bytes@3.1.0, bytes@^3.0.0:
    version "3.1.0"
    resolved "https://registry.yarnpkg.com/bytes/-/bytes-3.1.0.tgz"
    integrity sha512-zauLjrfCG+xvoyaqLoV8bLVXXNGC4JqlxFCutSDWA6fJrTo2ZuvLYTqZ7aHBLZSMOopbzwv8f+wZcVzfVTI2Dg==
  
  cache-content-type@^1.0.0:
    version "1.0.1"
    resolved "https://registry.yarnpkg.com/cache-content-type/-/cache-content-type-1.0.1.tgz"
    integrity sha512-IKufZ1o4Ut42YUrZSo8+qnMTrFuKkvyoLXUywKz9GJ5BrhOFGhLdkx9sG4KAnVvbY6kEcSFjLQul+DVmBm2bgA==
    dependencies:
      mime-types "^2.1.18"
      ylru "^1.2.0"
  
  call-bind@^1.0.0:
    version "1.0.2"
    resolved "https://registry.yarnpkg.com/call-bind/-/call-bind-1.0.2.tgz"
    integrity sha512-7O+FbCihrB5WGbFYesctwmTKae6rOiIzmz1icreWJ+0aA7LJfuqhEso2T9ncpcFtzMQtzXf2QGGueWJGTYsqrA==
    dependencies:
      function-bind "^1.1.1"
      get-intrinsic "^1.0.2"
  
  chalk@^2.4.2:
    version "2.4.2"
    resolved "https://registry.yarnpkg.com/chalk/-/chalk-2.4.2.tgz"
    integrity sha512-Mti+f9lpJNcwF4tWV8/OrTTtF1gZi+f8FqlyAdouralcFWFQWF2+NgCHShjkCb+IFBLq9buZwE1xckQU4peSuQ==
    dependencies:
      ansi-styles "^3.2.1"
      escape-string-regexp "^1.0.5"
      supports-color "^5.3.0"
  
  "chedrauimx.chedraui-cms-components@http://chedrauimx.vtexassets.com/_v/public/typings/v1/chedrauimx.chedraui-cms-components@2.0.30/public/@types/chedrauimx.chedraui-cms-components":
    version "2.0.30"
    resolved "http://chedrauimx.vtexassets.com/_v/public/typings/v1/chedrauimx.chedraui-cms-components@2.0.30/public/@types/chedrauimx.chedraui-cms-components#54ec26396fd01a4c9eda582cf8d05442d56c66d7"
  
  chownr@^1.1.1:
    version "1.1.4"
    resolved "https://registry.yarnpkg.com/chownr/-/chownr-1.1.4.tgz"
    integrity sha512-jJ0bqzaylmJtVnNgzTeSOs8DPavpbYgEr/b0YL8/2GO3xJEhInFmhKMUnEJQjZumK7KXGFhUy89PrsJWlakBVg==
  
  co-body@^6.0.0:
    version "6.1.0"
    resolved "https://registry.yarnpkg.com/co-body/-/co-body-6.1.0.tgz"
    integrity sha512-m7pOT6CdLN7FuXUcpuz/8lfQ/L77x8SchHCF4G0RBTJO20Wzmhn5Sp4/5WsKy8OSpifBSUrmg83qEqaDHdyFuQ==
    dependencies:
      inflation "^2.0.0"
      qs "^6.5.2"
      raw-body "^2.3.3"
      type-is "^1.6.16"
  
  co@^4.6.0:
    version "4.6.0"
    resolved "https://registry.yarnpkg.com/co/-/co-4.6.0.tgz"
    integrity sha1-bqa989hTrlTMuOR7+gvz+QMfsYQ=
  
  color-convert@^1.9.0:
    version "1.9.3"
    resolved "https://registry.yarnpkg.com/color-convert/-/color-convert-1.9.3.tgz"
    integrity sha512-QfAUtd+vFdAtFQcC8CCyYt1fYWxSqAiK2cSD6zDB8N3cpsEBAvRxp9zOGg6G/SHHJYAT88/az/IuDGALsNVbGg==
    dependencies:
      color-name "1.1.3"
  
  color-name@1.1.3:
    version "1.1.3"
    resolved "https://registry.yarnpkg.com/color-name/-/color-name-1.1.3.tgz"
    integrity sha1-p9BVi9icQveV3UIyj3QIMcpTvCU=
  
  commander@^2.20.3:
    version "2.20.3"
    resolved "https://registry.yarnpkg.com/commander/-/commander-2.20.3.tgz"
    integrity sha512-GpVkmM8vF2vQUkj2LvZmD35JxeJOLCwJ9cUkugyk2nuhbv3+mJvpLYYt+0+USMxE+oj+ey/lJEnhZw75x/OMcQ==
  
  compress-commons@^2.1.1:
    version "2.1.1"
    resolved "https://registry.yarnpkg.com/compress-commons/-/compress-commons-2.1.1.tgz"
    integrity sha512-eVw6n7CnEMFzc3duyFVrQEuY1BlHR3rYsSztyG32ibGMW722i3C6IizEGMFmfMU+A+fALvBIwxN3czffTcdA+Q==
    dependencies:
      buffer-crc32 "^0.2.13"
      crc32-stream "^3.0.1"
      normalize-path "^3.0.0"
      readable-stream "^2.3.6"
  
  compressible@^2.0.0:
    version "2.0.18"
    resolved "https://registry.yarnpkg.com/compressible/-/compressible-2.0.18.tgz"
    integrity sha512-AF3r7P5dWxL8MxyITRMlORQNaOA2IkAFaTr4k7BUumjPtRpGDTZpl0Pb1XCO6JeDCBdp126Cgs9sMxqSjgYyRg==
    dependencies:
      mime-db ">= 1.43.0 < 2"
  
  concat-map@0.0.1:
    version "0.0.1"
    resolved "https://registry.yarnpkg.com/concat-map/-/concat-map-0.0.1.tgz"
    integrity sha1-2Klr13/Wjfd5OnMDajug1UBdR3s=
  
  content-disposition@~0.5.2:
    version "0.5.3"
    resolved "https://registry.yarnpkg.com/content-disposition/-/content-disposition-0.5.3.tgz"
    integrity sha512-ExO0774ikEObIAEV9kDo50o+79VCUdEB6n6lzKgGwupcVeRlhrj3qGAfwq8G6uBJjkqLrhT0qEYFcWng8z1z0g==
    dependencies:
      safe-buffer "5.1.2"
  
  content-type@^1.0.4:
    version "1.0.4"
    resolved "https://registry.yarnpkg.com/content-type/-/content-type-1.0.4.tgz"
    integrity sha512-hIP3EEPs8tB9AT1L+NUqtwOAps4mk2Zob89MWXMHjHWg9milF/j4osnnQLXBCBFBk/tvIG/tUc9mOUJiPBhPXA==
  
  cookie@^0.3.1:
    version "0.3.1"
    resolved "https://registry.yarnpkg.com/cookie/-/cookie-0.3.1.tgz"
    integrity sha1-5+Ch+e9DtMi6klxcWpboBtFoc7s=
  
  cookies@~0.8.0:
    version "0.8.0"
    resolved "https://registry.yarnpkg.com/cookies/-/cookies-0.8.0.tgz"
    integrity sha512-8aPsApQfebXnuI+537McwYsDtjVxGm8gTIzQI3FDW6t5t/DAhERxtnbEPN/8RX+uZthoz4eCOgloXaE5cYyNow==
    dependencies:
      depd "~2.0.0"
      keygrip "~1.1.0"
  
  core-util-is@~1.0.0:
    version "1.0.3"
    resolved "https://registry.yarnpkg.com/core-util-is/-/core-util-is-1.0.3.tgz"
    integrity sha512-ZQBvi1DcpJ4GDqanjucZ2Hj3wEO5pZDS89BWbkcrvdxksJorwUDDZamX9ldFkp9aw2lmBDLgkObEA4DWNJ9FYQ==
  
  crc32-stream@^3.0.1:
    version "3.0.1"
    resolved "https://registry.yarnpkg.com/crc32-stream/-/crc32-stream-3.0.1.tgz"
    integrity sha512-mctvpXlbzsvK+6z8kJwSJ5crm7yBwrQMTybJzMw1O4lLGJqjlDCXY2Zw7KheiA6XBEcBmfLx1D88mjRGVJtY9w==
    dependencies:
      crc "^3.4.4"
      readable-stream "^3.4.0"
  
  crc@^3.4.4:
    version "3.8.0"
    resolved "https://registry.yarnpkg.com/crc/-/crc-3.8.0.tgz"
    integrity sha512-iX3mfgcTMIq3ZKLIsVFAbv7+Mc10kxabAGQb8HvjA1o3T1PIYprbakQ65d3I+2HGHt6nSKkM9PYjgoJO2KcFBQ==
    dependencies:
      buffer "^5.1.0"
  
  cssfilter@0.0.10:
    version "0.0.10"
    resolved "https://registry.yarnpkg.com/cssfilter/-/cssfilter-0.0.10.tgz"
    integrity sha1-xtJnJjKi5cg+AT5oZKQs6N79IK4=
  
  dataloader@^1.4.0:
    version "1.4.0"
    resolved "https://registry.yarnpkg.com/dataloader/-/dataloader-1.4.0.tgz"
    integrity sha512-68s5jYdlvasItOJnCuI2Q9s4q98g0pCyL3HrcKJu8KNugUl8ahgmZYg38ysLTgQjjXX3H8CJLkAvWrclWfcalw==
  
  debug@^3.1.0:
    version "3.2.7"
    resolved "https://registry.yarnpkg.com/debug/-/debug-3.2.7.tgz"
    integrity sha512-CFjzYYAi4ThfiQvizrFQevTTXHtnCqWfe7x1AhgEscTz6ZbLbfoLRLPugTQyBth6f8ZERVUSyWHFD/7Wu4t1XQ==
    dependencies:
      ms "^2.1.1"
  
  debug@^4.1.0, debug@^4.3.2:
    version "4.3.2"
    resolved "https://registry.yarnpkg.com/debug/-/debug-4.3.2.tgz"
    integrity sha512-mOp8wKcvj7XxC78zLgw/ZA+6TSgkoE2C/ienthhRD298T7UNwAg9diBpLRxC0mOezLl4B0xV7M0cCO6P/O0Xhw==
    dependencies:
      ms "2.1.2"
  
  deep-equal@~1.0.1:
    version "1.0.1"
    resolved "https://registry.yarnpkg.com/deep-equal/-/deep-equal-1.0.1.tgz"
    integrity sha1-9dJgKStmDghO/0zbyfCK0yR0SLU=
  
  delegates@^1.0.0:
    version "1.0.0"
    resolved "https://registry.yarnpkg.com/delegates/-/delegates-1.0.0.tgz"
    integrity sha1-hMbhWbgZBP3KWaDvRM2HDTElD5o=
  
  depd@^1.1.2, depd@~1.1.2:
    version "1.1.2"
    resolved "https://registry.yarnpkg.com/depd/-/depd-1.1.2.tgz"
    integrity sha1-m81S4UwJd2PnSbJ0xDRu0uVgtak=
  
  depd@^2.0.0, depd@~2.0.0:
    version "2.0.0"
    resolved "https://registry.yarnpkg.com/depd/-/depd-2.0.0.tgz"
    integrity sha512-g7nH6P6dyDioJogAAGprGpCtVImJhpPk/roCzdb3fIh61/s/nPsfR6onyMwkCAR/OlC3yBC0lESvUoQEAssIrw==
  
  deprecated-decorator@^0.1.6:
    version "0.1.6"
    resolved "https://registry.yarnpkg.com/deprecated-decorator/-/deprecated-decorator-0.1.6.tgz"
    integrity sha1-AJZjF7ehL+kvPMgx91g68ym4bDc=
  
  destroy@^1.0.4:
    version "1.0.4"
    resolved "https://registry.yarnpkg.com/destroy/-/destroy-1.0.4.tgz"
    integrity sha1-l4hXRCxEdJ5CBmE+N5RiBYJqvYA=
  
  dicer@0.3.0:
    version "0.3.0"
    resolved "https://registry.yarnpkg.com/dicer/-/dicer-0.3.0.tgz"
    integrity sha512-MdceRRWqltEG2dZqO769g27N/3PXfcKl04VhYnBlo2YhH7zPi88VebsjTKclaOyiuMaGU72hTfw3VkUitGcVCA==
    dependencies:
      streamsearch "0.1.2"
  
  ee-first@1.1.1:
    version "1.1.1"
    resolved "https://registry.yarnpkg.com/ee-first/-/ee-first-1.1.1.tgz"
    integrity sha1-WQxhFWsK4vTwJVcyoViyZrxWsh0=
  
  encodeurl@^1.0.2:
    version "1.0.2"
    resolved "https://registry.yarnpkg.com/encodeurl/-/encodeurl-1.0.2.tgz"
    integrity sha1-rT/0yG7C0CkyL1oCw6mmBslbP1k=
  
  end-of-stream@^1.1.0, end-of-stream@^1.4.1:
    version "1.4.4"
    resolved "https://registry.yarnpkg.com/end-of-stream/-/end-of-stream-1.4.4.tgz"
    integrity sha512-+uw1inIHVPQoaVuHzRyXd21icM+cnt4CzD5rW+NC1wjOUSTOs+Te7FOv7AhN7vS9x/oIyhLP5PR1H+phQAHu5Q==
    dependencies:
      once "^1.4.0"
  
  error@7.0.2:
    version "7.0.2"
    resolved "https://registry.yarnpkg.com/error/-/error-7.0.2.tgz"
    integrity sha1-pfdf/02ZJhJt2sDqXcOOaJFTywI=
    dependencies:
      string-template "~0.2.1"
      xtend "~4.0.0"
  
  error@^7.0.0:
    version "7.2.1"
    resolved "https://registry.yarnpkg.com/error/-/error-7.2.1.tgz"
    integrity sha512-fo9HBvWnx3NGUKMvMwB/CBCMMrfEJgbDTVDEkPygA3Bdd3lM1OyCd+rbQ8BwnpF6GdVeOLDNmyL4N5Bg80ZvdA==
    dependencies:
      string-template "~0.2.1"
  
  escape-html@^1.0.3:
    version "1.0.3"
    resolved "https://registry.yarnpkg.com/escape-html/-/escape-html-1.0.3.tgz"
    integrity sha1-Aljq5NPQwJdN4cFpGI7wBR0dGYg=
  
  escape-string-regexp@^1.0.5:
    version "1.0.5"
    resolved "https://registry.yarnpkg.com/escape-string-regexp/-/escape-string-regexp-1.0.5.tgz"
    integrity sha1-G2HAViGQqN/2rjuyzwIAyhMLhtQ=
  
  fast-json-stable-stringify@^2.0.0:
    version "2.1.0"
    resolved "https://registry.yarnpkg.com/fast-json-stable-stringify/-/fast-json-stable-stringify-2.1.0.tgz"
    integrity sha512-lhd/wF+Lk98HZoTCtlVraHtfh5XYijIjalXck7saUtuanSDyLMxnHhSXEDJqHxD7msR8D0uCmqlkwjCV8xvwHw==
  
  follow-redirects@^1.14.0:
    version "1.14.4"
    resolved "https://registry.yarnpkg.com/follow-redirects/-/follow-redirects-1.14.4.tgz"
    integrity sha512-zwGkiSXC1MUJG/qmeIFH2HBJx9u0V46QGUe3YR1fXG8bXQxq7fLj0RjLZQ5nubr9qNJUZrH+xUcwXEoXNpfS+g==
  
  fresh@~0.5.2:
    version "0.5.2"
    resolved "https://registry.yarnpkg.com/fresh/-/fresh-0.5.2.tgz"
    integrity sha1-PYyt2Q2XZWn6g1qx+OSyOhBWBac=
  
  fs-capacitor@^2.0.4:
    version "2.0.4"
    resolved "https://registry.yarnpkg.com/fs-capacitor/-/fs-capacitor-2.0.4.tgz#5a22e72d40ae5078b4fe64fe4d08c0d3fc88ad3c"
    integrity sha512-8S4f4WsCryNw2mJJchi46YgB6CR5Ze+4L1h8ewl9tEpL4SJ3ZO+c/bS4BWhB8bK+O3TMqhuZarTitd0S0eh2pA==
  
  fs-constants@^1.0.0:
    version "1.0.0"
    resolved "https://registry.yarnpkg.com/fs-constants/-/fs-constants-1.0.0.tgz"
    integrity sha512-y6OAwoSIf7FyjMIv94u+b5rdheZEjzR63GTyZJm5qh4Bi+2YgwLCcI/fPFZkL5PSixOt6ZNKm+w+Hfp/Bciwow==
  
  fs-extra@^7.0.0:
    version "7.0.1"
    resolved "https://registry.yarnpkg.com/fs-extra/-/fs-extra-7.0.1.tgz"
    integrity sha512-YJDaCJZEnBmcbw13fvdAM9AwNOJwOzrE4pqMqBq5nFiEqXUqHwlK4B+3pUw6JNvfSPtX05xFHtYy/1ni01eGCw==
    dependencies:
      graceful-fs "^4.1.2"
      jsonfile "^4.0.0"
      universalify "^0.1.0"
  
  fs.realpath@^1.0.0:
    version "1.0.0"
    resolved "https://registry.yarnpkg.com/fs.realpath/-/fs.realpath-1.0.0.tgz"
    integrity sha1-FQStJSMVjKpA20onh8sBQRmU6k8=
  
  function-bind@^1.1.1:
    version "1.1.1"
    resolved "https://registry.yarnpkg.com/function-bind/-/function-bind-1.1.1.tgz"
    integrity sha512-yIovAzMX49sF8Yl58fSCWJ5svSLuaibPxXQJFLmBObTuCr0Mf1KiPopGM9NiFjiYBCbfaa2Fh6breQ6ANVTI0A==
  
  get-intrinsic@^1.0.2:
    version "1.1.1"
    resolved "https://registry.yarnpkg.com/get-intrinsic/-/get-intrinsic-1.1.1.tgz"
    integrity sha512-kWZrnVM42QCiEA2Ig1bG8zjoIMOgxWwYCEeNdwY6Tv/cOSeGpcoX4pXHfKUxNKVoArnrEr2e9srnAxxGIraS9Q==
    dependencies:
      function-bind "^1.1.1"
      has "^1.0.3"
      has-symbols "^1.0.1"
  
  glob@^7.1.4:
    version "7.2.0"
    resolved "https://registry.yarnpkg.com/glob/-/glob-7.2.0.tgz"
    integrity sha512-lmLf6gtyrPq8tTjSmrO94wBeQbFR3HbLHbuyD69wuyQkImp2hWqMGB47OX65FBkPffO641IP9jWa1z4ivqG26Q==
    dependencies:
      fs.realpath "^1.0.0"
      inflight "^1.0.4"
      inherits "2"
      minimatch "^3.0.4"
      once "^1.3.0"
      path-is-absolute "^1.0.0"
  
  graceful-fs@^4.1.2, graceful-fs@^4.1.6, graceful-fs@^4.2.0:
    version "4.2.8"
    resolved "https://registry.yarnpkg.com/graceful-fs/-/graceful-fs-4.2.8.tgz"
    integrity sha512-qkIilPUYcNhJpd33n0GBXTB1MMPp14TxEsEs0pTrsSVucApsYzW5V+Q8Qxhik6KU3evy+qkAAowTByymK0avdg==
  
  graphql-tools@^4.0.6:
    version "4.0.8"
    resolved "https://registry.yarnpkg.com/graphql-tools/-/graphql-tools-4.0.8.tgz"
    integrity sha512-MW+ioleBrwhRjalKjYaLQbr+920pHBgy9vM/n47sswtns8+96sRn5M/G+J1eu7IMeKWiN/9p6tmwCHU7552VJg==
    dependencies:
      apollo-link "^1.2.14"
      apollo-utilities "^1.0.1"
      deprecated-decorator "^0.1.6"
      iterall "^1.1.3"
      uuid "^3.1.0"
  
  graphql-upload@^8.1.0:
    version "8.1.0"
    resolved "https://registry.yarnpkg.com/graphql-upload/-/graphql-upload-8.1.0.tgz#6d0ab662db5677a68bfb1f2c870ab2544c14939a"
    integrity sha512-U2OiDI5VxYmzRKw0Z2dmfk0zkqMRaecH9Smh1U277gVgVe9Qn+18xqf4skwr4YJszGIh7iQDZ57+5ygOK9sM/Q==
    dependencies:
      busboy "^0.3.1"
      fs-capacitor "^2.0.4"
      http-errors "^1.7.3"
      object-path "^0.11.4"
  
  graphql@^14.5.8:
    version "14.7.0"
    resolved "https://registry.yarnpkg.com/graphql/-/graphql-14.7.0.tgz"
    integrity sha512-l0xWZpoPKpppFzMfvVyFmp9vLN7w/ZZJPefUicMCepfJeQ8sMcztloGYY9DfjVPo6tIUDzU5Hw3MUbIjj9AVVA==
    dependencies:
      iterall "^1.2.2"
  
  has-flag@^3.0.0:
    version "3.0.0"
    resolved "https://registry.yarnpkg.com/has-flag/-/has-flag-3.0.0.tgz"
    integrity sha1-tdRU3CGZriJWmfNGfloH87lVuv0=
  
  has-symbols@^1.0.1, has-symbols@^1.0.2:
    version "1.0.2"
    resolved "https://registry.yarnpkg.com/has-symbols/-/has-symbols-1.0.2.tgz"
    integrity sha512-chXa79rL/UC2KlX17jo3vRGz0azaWEx5tGqZg5pO3NUyEJVB17dMruQlzCCOfUvElghKcm5194+BCRvi2Rv/Gw==
  
  has-tostringtag@^1.0.0:
    version "1.0.0"
    resolved "https://registry.yarnpkg.com/has-tostringtag/-/has-tostringtag-1.0.0.tgz"
    integrity sha512-kFjcSNhnlGV1kyoGk7OXKSawH5JOb/LzUc5w9B02hOTO0dfFRjbHQKvg1d6cf3HbeUmtU9VbbV3qzZ2Teh97WQ==
    dependencies:
      has-symbols "^1.0.2"
  
  has@^1.0.3:
    version "1.0.3"
    resolved "https://registry.yarnpkg.com/has/-/has-1.0.3.tgz"
    integrity sha512-f2dvO0VU6Oej7RkWJGrehjbzMAjFp5/VKPp5tTpWIV4JHHZK1/BxbFRtf/siA2SWTe09caDmVtYYzWEIbBS4zw==
    dependencies:
      function-bind "^1.1.1"
  
  hexer@^1.5.0:
    version "1.5.0"
    resolved "https://registry.yarnpkg.com/hexer/-/hexer-1.5.0.tgz"
    integrity sha1-uGzoCFmOip0YksVx887dhvyfBlM=
    dependencies:
      ansi-color "^0.2.1"
      minimist "^1.1.0"
      process "^0.10.0"
      xtend "^4.0.0"
  
  http-assert@^1.3.0:
    version "1.5.0"
    resolved "https://registry.yarnpkg.com/http-assert/-/http-assert-1.5.0.tgz"
    integrity sha512-uPpH7OKX4H25hBmU6G1jWNaqJGpTXxey+YOUizJUAgu0AjLUeC8D73hTrhvDS5D+GJN1DN1+hhc/eF/wpxtp0w==
    dependencies:
      deep-equal "~1.0.1"
      http-errors "~1.8.0"
  
  http-errors@1.7.3:
    version "1.7.3"
    resolved "https://registry.yarnpkg.com/http-errors/-/http-errors-1.7.3.tgz"
    integrity sha512-ZTTX0MWrsQ2ZAhA1cejAwDLycFsd7I7nVtnkT3Ol0aqodaKW+0CTZDQ1uBv5whptCnc8e8HeRRJxRs0kmm/Qfw==
    dependencies:
      depd "~1.1.2"
      inherits "2.0.4"
      setprototypeof "1.1.1"
      statuses ">= 1.5.0 < 2"
      toidentifier "1.0.0"
  
  http-errors@^1.3.1, http-errors@^1.6.3, http-errors@~1.8.0:
    version "1.8.0"
    resolved "https://registry.yarnpkg.com/http-errors/-/http-errors-1.8.0.tgz"
    integrity sha512-4I8r0C5JDhT5VkvI47QktDW75rNlGVsUf/8hzjCC/wkWI/jdTRmBb9aI7erSG82r1bjKY3F6k28WnsVxB1C73A==
    dependencies:
      depd "~1.1.2"
      inherits "2.0.4"
      setprototypeof "1.2.0"
      statuses ">= 1.5.0 < 2"
      toidentifier "1.0.0"
  
  http-errors@^1.7.3:
    version "1.8.1"
    resolved "https://registry.yarnpkg.com/http-errors/-/http-errors-1.8.1.tgz#7c3f28577cbc8a207388455dbd62295ed07bd68c"
    integrity sha512-Kpk9Sm7NmI+RHhnj6OIWDI1d6fIoFAtFt9RLaTMRlg/8w49juAStsrBgp0Dp4OdxdVbRIeKhtCUvoi/RuAhO4g==
    dependencies:
      depd "~1.1.2"
      inherits "2.0.4"
      setprototypeof "1.2.0"
      statuses ">= 1.5.0 < 2"
      toidentifier "1.0.1"
  
  humanize-ms@^1.2.1:
    version "1.2.1"
    resolved "https://registry.yarnpkg.com/humanize-ms/-/humanize-ms-1.2.1.tgz"
    integrity sha1-xG4xWaKT9riW2ikxbYtv6Lt5u+0=
    dependencies:
      ms "^2.0.0"
  
  iconv-lite@0.4.24:
    version "0.4.24"
    resolved "https://registry.yarnpkg.com/iconv-lite/-/iconv-lite-0.4.24.tgz"
    integrity sha512-v3MXnZAcvnywkTUEZomIActle7RXXeedOR31wwl7VlyoXO4Qi9arvSenNQWne1TcRwhCL1HwLI21bEqdpj8/rA==
    dependencies:
      safer-buffer ">= 2.1.2 < 3"
  
  ieee754@^1.1.13:
    version "1.2.1"
    resolved "https://registry.yarnpkg.com/ieee754/-/ieee754-1.2.1.tgz"
    integrity sha512-dcyqhDvX1C46lXZcVqCpK+FtMRQVdIMN6/Df5js2zouUsqG7I6sFxitIC+7KYK29KdXOLHdu9zL4sFnoVQnqaA==
  
  inflation@^2.0.0:
    version "2.0.0"
    resolved "https://registry.yarnpkg.com/inflation/-/inflation-2.0.0.tgz"
    integrity sha1-i0F+R8KPklpFEz2RTKH9OJEH8w8=
  
  inflight@^1.0.4:
    version "1.0.6"
    resolved "https://registry.yarnpkg.com/inflight/-/inflight-1.0.6.tgz"
    integrity sha1-Sb1jMdfQLQwJvJEKEHW6gWW1bfk=
    dependencies:
      once "^1.3.0"
      wrappy "1"
  
  inherits@2, inherits@2.0.4, inherits@^2.0.3, inherits@^2.0.4, inherits@~2.0.3:
    version "2.0.4"
    resolved "https://registry.yarnpkg.com/inherits/-/inherits-2.0.4.tgz"
    integrity sha512-k/vGaX4/Yla3WzyMCvTQOXYeIHvqOKtnqBduzTHpzpQZzAskKMhZ2K+EnBiSM9zGSoIFeMpXKxa4dYeZIQqewQ==
  
  is-generator-function@^1.0.7:
    version "1.0.10"
    resolved "https://registry.yarnpkg.com/is-generator-function/-/is-generator-function-1.0.10.tgz"
    integrity sha512-jsEjy9l3yiXEQ+PsXdmBwEPcOxaXWLspKdplFUVI9vq1iZgIekeC0L167qeu86czQaxed3q/Uzuw0swL0irL8A==
    dependencies:
      has-tostringtag "^1.0.0"
  
  is-retry-allowed@^2.2.0:
    version "2.2.0"
    resolved "https://registry.yarnpkg.com/is-retry-allowed/-/is-retry-allowed-2.2.0.tgz"
    integrity sha512-XVm7LOeLpTW4jV19QSH38vkswxoLud8sQ57YwJVTPWdiaI9I8keEhGFpBlslyVsgdQy4Opg8QOLb8YRgsyZiQg==
  
  is-stream@^2.0.0:
    version "2.0.1"
    resolved "https://registry.yarnpkg.com/is-stream/-/is-stream-2.0.1.tgz"
    integrity sha512-hFoiJiTl63nn+kstHGBtewWSKnQLpyb155KHheA1l39uvtO9nWIop1p3udqPcUd/xbF1VLMO4n7OI6p7RbngDg==
  
  isarray@0.0.1:
    version "0.0.1"
    resolved "https://registry.yarnpkg.com/isarray/-/isarray-0.0.1.tgz"
    integrity sha1-ihis/Kmo9Bd+Cav8YDiTmwXR7t8=
  
  isarray@~1.0.0:
    version "1.0.0"
    resolved "https://registry.yarnpkg.com/isarray/-/isarray-1.0.0.tgz"
    integrity sha1-u5NdSFgsuhaMBoNJV6VKPgcSTxE=
  
  isnumber@~1.0.0:
    version "1.0.0"
    resolved "https://registry.yarnpkg.com/isnumber/-/isnumber-1.0.0.tgz"
    integrity sha1-Dj+XWbWB2Z3YUIbw7Cp0kJz63QE=
  
  iterall@^1.1.3, iterall@^1.2.2:
    version "1.3.0"
    resolved "https://registry.yarnpkg.com/iterall/-/iterall-1.3.0.tgz"
    integrity sha512-QZ9qOMdF+QLHxy1QIpUHUU1D5pS2CG2P69LF6L6CPjPYA/XMOmKV3PZpawHoAjHNyB0swdVTRxdYT4tbBbxqwg==
  
  jaeger-client@^3.18.0:
    version "3.19.0"
    resolved "https://registry.yarnpkg.com/jaeger-client/-/jaeger-client-3.19.0.tgz#9b5bd818ebd24e818616ee0f5cffe1722a53ae6e"
    integrity sha512-M0c7cKHmdyEUtjemnJyx/y9uX16XHocL46yQvyqDlPdvAcwPDbHrIbKjQdBqtiE4apQ/9dmr+ZLJYYPGnurgpw==
    dependencies:
      node-int64 "^0.4.0"
      opentracing "^0.14.4"
      thriftrw "^3.5.0"
      uuid "^8.3.2"
      xorshift "^1.1.1"
  
  js-base64@^2.5.1:
    version "2.6.4"
    resolved "https://registry.yarnpkg.com/js-base64/-/js-base64-2.6.4.tgz"
    integrity sha512-pZe//GGmwJndub7ZghVHz7vjb2LgC1m8B07Au3eYqeqv9emhESByMXxaEgkUkEqJe87oBbSniGYoQNIBklc7IQ==
  
  jsonfile@^4.0.0:
    version "4.0.0"
    resolved "https://registry.yarnpkg.com/jsonfile/-/jsonfile-4.0.0.tgz"
    integrity sha1-h3Gq4HmbZAdrdmQPygWPnBDjPss=
    optionalDependencies:
      graceful-fs "^4.1.6"
  
  keygrip@~1.1.0:
    version "1.1.0"
    resolved "https://registry.yarnpkg.com/keygrip/-/keygrip-1.1.0.tgz"
    integrity sha512-iYSchDJ+liQ8iwbSI2QqsQOvqv58eJCEanyJPJi+Khyu8smkcKSFUCbPwzFcL7YVtZ6eONjqRX/38caJ7QjRAQ==
    dependencies:
      tsscmp "1.0.6"
  
  koa-compose@^3.0.0:
    version "3.2.1"
    resolved "https://registry.yarnpkg.com/koa-compose/-/koa-compose-3.2.1.tgz"
    integrity sha1-qFzLQLfZhtjlo0Wzoazo6rz1Tec=
    dependencies:
      any-promise "^1.1.0"
  
  koa-compose@^4.1.0:
    version "4.1.0"
    resolved "https://registry.yarnpkg.com/koa-compose/-/koa-compose-4.1.0.tgz"
    integrity sha512-8ODW8TrDuMYvXRwra/Kh7/rJo9BtOfPc6qO8eAfC80CnCvSjSl0bkRM24X6/XBBEyj0v1nRUQ1LyOy3dbqOWXw==
  
  koa-compress@^3.0.0:
    version "3.1.0"
    resolved "https://registry.yarnpkg.com/koa-compress/-/koa-compress-3.1.0.tgz"
    integrity sha512-0m24/yS/GbhWI+g9FqtvStY+yJwTObwoxOvPok6itVjRen7PBWkjsJ8pre76m+99YybXLKhOJ62mJ268qyBFMQ==
    dependencies:
      bytes "^3.0.0"
      compressible "^2.0.0"
      koa-is-json "^1.0.0"
      statuses "^1.0.0"
  
  koa-convert@^2.0.0:
    version "2.0.0"
    resolved "https://registry.yarnpkg.com/koa-convert/-/koa-convert-2.0.0.tgz"
    integrity sha512-asOvN6bFlSnxewce2e/DK3p4tltyfC4VM7ZwuTuepI7dEQVcvpyFuBcEARu1+Hxg8DIwytce2n7jrZtRlPrARA==
    dependencies:
      co "^4.6.0"
      koa-compose "^4.1.0"
  
  koa-is-json@^1.0.0:
    version "1.0.0"
    resolved "https://registry.yarnpkg.com/koa-is-json/-/koa-is-json-1.0.0.tgz"
    integrity sha1-JzwH7c3Ljfaiwat9We52SRRR7BQ=
  
  koa-router@^7.4.0:
    version "7.4.0"
    resolved "https://registry.yarnpkg.com/koa-router/-/koa-router-7.4.0.tgz"
    integrity sha512-IWhaDXeAnfDBEpWS6hkGdZ1ablgr6Q6pGdXCyK38RbzuH4LkUOpPqPw+3f8l8aTDrQmBQ7xJc0bs2yV4dzcO+g==
    dependencies:
      debug "^3.1.0"
      http-errors "^1.3.1"
      koa-compose "^3.0.0"
      methods "^1.0.1"
      path-to-regexp "^1.1.1"
      urijs "^1.19.0"
  
  koa@^2.11.0:
    version "2.13.4"
    resolved "https://registry.yarnpkg.com/koa/-/koa-2.13.4.tgz"
    integrity sha512-43zkIKubNbnrULWlHdN5h1g3SEKXOEzoAlRsHOTFpnlDu8JlAOZSMJBLULusuXRequboiwJcj5vtYXKB3k7+2g==
    dependencies:
      accepts "^1.3.5"
      cache-content-type "^1.0.0"
      content-disposition "~0.5.2"
      content-type "^1.0.4"
      cookies "~0.8.0"
      debug "^4.3.2"
      delegates "^1.0.0"
      depd "^2.0.0"
      destroy "^1.0.4"
      encodeurl "^1.0.2"
      escape-html "^1.0.3"
      fresh "~0.5.2"
      http-assert "^1.3.0"
      http-errors "^1.6.3"
      is-generator-function "^1.0.7"
      koa-compose "^4.1.0"
      koa-convert "^2.0.0"
      on-finished "^2.3.0"
      only "~0.0.2"
      parseurl "^1.3.2"
      statuses "^1.5.0"
      type-is "^1.6.16"
      vary "^1.1.2"
  
  lazystream@^1.0.0:
    version "1.0.0"
    resolved "https://registry.yarnpkg.com/lazystream/-/lazystream-1.0.0.tgz"
    integrity sha1-9plf4PggOS9hOWvolGJAe7dxaOQ=
    dependencies:
      readable-stream "^2.0.5"
  
  lodash.defaults@^4.2.0:
    version "4.2.0"
    resolved "https://registry.yarnpkg.com/lodash.defaults/-/lodash.defaults-4.2.0.tgz"
    integrity sha1-0JF4cW/+pN3p5ft7N/bwgCJ0WAw=
  
  lodash.difference@^4.5.0:
    version "4.5.0"
    resolved "https://registry.yarnpkg.com/lodash.difference/-/lodash.difference-4.5.0.tgz"
    integrity sha1-nMtOUF1Ia5FlE0V3KIWi3yf9AXw=
  
  lodash.flatten@^4.4.0:
    version "4.4.0"
    resolved "https://registry.yarnpkg.com/lodash.flatten/-/lodash.flatten-4.4.0.tgz"
    integrity sha1-8xwiIlqWMtK7+OSt2+8kCqdlph8=
  
  lodash.isplainobject@^4.0.6:
    version "4.0.6"
    resolved "https://registry.yarnpkg.com/lodash.isplainobject/-/lodash.isplainobject-4.0.6.tgz"
    integrity sha1-fFJqUtibRcRcxpC4gWO+BJf1UMs=
  
  lodash.union@^4.6.0:
    version "4.6.0"
    resolved "https://registry.yarnpkg.com/lodash.union/-/lodash.union-4.6.0.tgz"
    integrity sha1-SLtQiECfFvGCFmZkHETdGqrjzYg=
  
  lodash@^4.17.14, lodash@^4.17.17:
    version "4.17.21"
    resolved "https://registry.yarnpkg.com/lodash/-/lodash-4.17.21.tgz#679591c564c3bffaae8454cf0b3df370c3d6911c"
    integrity sha512-v2kDEe57lecTulaDIuNTPy3Ry4gLGJ6Z1O3vE1krgXZNrsQ+LFTGHVxVjcXPs17LhbZVGedAJv8XZ1tvj5FvSg==
  
  long@^2.4.0:
    version "2.4.0"
    resolved "https://registry.yarnpkg.com/long/-/long-2.4.0.tgz"
    integrity sha1-n6GAux2VAM3CnEFWdmoZleH0Uk8=
  
  lru-cache@^5.1.1:
    version "5.1.1"
    resolved "https://registry.yarnpkg.com/lru-cache/-/lru-cache-5.1.1.tgz"
    integrity sha512-KpNARQA3Iwv+jTA0utUVVbrh+Jlrr1Fv0e56GGzAFOXN7dk/FviaDW8LHmK52DlcH4WP2n6gI8vN1aesBFgo9w==
    dependencies:
      yallist "^3.0.2"
  
  media-typer@0.3.0:
    version "0.3.0"
    resolved "https://registry.yarnpkg.com/media-typer/-/media-typer-0.3.0.tgz"
    integrity sha1-hxDXrwqmJvj/+hzgAWhUUmMlV0g=
  
  methods@^1.0.1:
    version "1.1.2"
    resolved "https://registry.yarnpkg.com/methods/-/methods-1.1.2.tgz"
    integrity sha1-VSmk1nZUE07cxSZmVoNbD4Ua/O4=
  
  mime-db@1.50.0, "mime-db@>= 1.43.0 < 2":
    version "1.50.0"
    resolved "https://registry.yarnpkg.com/mime-db/-/mime-db-1.50.0.tgz"
    integrity sha512-9tMZCDlYHqeERXEHO9f/hKfNXhre5dK2eE/krIvUjZbS2KPcqGDfNShIWS1uW9XOTKQKqK6qbeOci18rbfW77A==
  
  mime-types@^2.1.12, mime-types@^2.1.18, mime-types@~2.1.24:
    version "2.1.33"
    resolved "https://registry.yarnpkg.com/mime-types/-/mime-types-2.1.33.tgz"
    integrity sha512-plLElXp7pRDd0bNZHw+nMd52vRYjLwQjygaNg7ddJ2uJtTlmnTCjWuPKxVu6//AdaRuME84SvLW91sIkBqGT0g==
    dependencies:
      mime-db "1.50.0"
  
  minimatch@^3.0.4:
    version "3.0.4"
    resolved "https://registry.yarnpkg.com/minimatch/-/minimatch-3.0.4.tgz"
    integrity sha512-yJHVQEhyqPLUTgt9B83PXu6W3rx4MvvHvSUvToogpwoGDOUQ+yDrR0HRot+yOCdCO7u4hX3pWft6kWBBcqh0UA==
    dependencies:
      brace-expansion "^1.1.7"
  
  minimist@^0.2.1, minimist@^1.1.0:
    version "0.2.1"
    resolved "https://registry.yarnpkg.com/minimist/-/minimist-0.2.1.tgz#827ba4e7593464e7c221e8c5bed930904ee2c455"
    integrity sha512-GY8fANSrTMfBVfInqJAY41QkOM+upUTytK1jZ0c8+3HdHrJxBJ3rF5i9moClXTE8uUSnUo8cAsCoxDXvSY4DHg==
  
  mkdirp-classic@^0.5.2:
    version "0.5.3"
    resolved "https://registry.yarnpkg.com/mkdirp-classic/-/mkdirp-classic-0.5.3.tgz"
    integrity sha512-gKLcREMhtuZRwRAfqP3RFW+TK4JqApVBtOIftVgjuABpAtpxhPGaDcfvbhNvD0B8iD1oUr/txX35NjcaY6Ns/A==
  
  ms@2.1.2:
    version "2.1.2"
    resolved "https://registry.yarnpkg.com/ms/-/ms-2.1.2.tgz"
    integrity sha512-sGkPx+VjMtmA6MX27oA4FBFELFCZZ4S4XqeGOXCv68tT+jb3vk/RyaKWP0PTKyWtmLSM0b+adUTEvbs1PEaH2w==
  
  ms@^2.0.0, ms@^2.1.1:
    version "2.1.3"
    resolved "https://registry.yarnpkg.com/ms/-/ms-2.1.3.tgz"
    integrity sha512-6FlzubTLZG3J2a/NVCAleEhjzq5oxgHyaCU9yYXvcLsvoVaHJq/s5xXI6/XXP6tz7R9xAOtHnSO/tXtF3WRTlA==
  
  negotiator@0.6.2:
    version "0.6.2"
    resolved "https://registry.yarnpkg.com/negotiator/-/negotiator-0.6.2.tgz"
    integrity sha512-hZXc7K2e+PgeI1eDBe/10Ard4ekbfrrqG8Ep+8Jmf4JID2bNg7NvCPOZN+kfF574pFQI7mum2AUqDidoKqcTOw==
  
  node-int64@^0.4.0:
    version "0.4.0"
    resolved "https://registry.yarnpkg.com/node-int64/-/node-int64-0.4.0.tgz"
    integrity sha1-h6kGXNs1XTGC2PlM4RGIuCXGijs=
  
  normalize-path@^3.0.0:
    version "3.0.0"
    resolved "https://registry.yarnpkg.com/normalize-path/-/normalize-path-3.0.0.tgz"
    integrity sha512-6eZs5Ls3WtCisHWp9S2GUy8dqkpGi4BVSz3GaqiE6ezub0512ESztXUwUB6C6IKbQkY2Pnb/mD4WYojCRwcwLA==
  
  object-inspect@^1.9.0:
    version "1.11.0"
    resolved "https://registry.yarnpkg.com/object-inspect/-/object-inspect-1.11.0.tgz"
    integrity sha512-jp7ikS6Sd3GxQfZJPyH3cjcbJF6GZPClgdV+EFygjFLQ5FmW/dRUnTd9PQ9k0JhoNDabWFbpF1yCdSWCC6gexg==
  
  object-path@^0.11.4:
    version "0.11.8"
    resolved "https://registry.yarnpkg.com/object-path/-/object-path-0.11.8.tgz#ed002c02bbdd0070b78a27455e8ae01fc14d4742"
    integrity sha512-YJjNZrlXJFM42wTBn6zgOJVar9KFJvzx6sTWDte8sWZF//cnjl0BxHNpfZx+ZffXX63A9q0b1zsFiBX4g4X5KA==
  
  on-finished@^2.3.0:
    version "2.3.0"
    resolved "https://registry.yarnpkg.com/on-finished/-/on-finished-2.3.0.tgz"
    integrity sha1-IPEzZIGwg811M3mSoWlxqi2QaUc=
    dependencies:
      ee-first "1.1.1"
  
  once@^1.3.0, once@^1.3.1, once@^1.4.0:
    version "1.4.0"
    resolved "https://registry.yarnpkg.com/once/-/once-1.4.0.tgz"
    integrity sha1-WDsap3WWHUsROsF9nFC6753Xa9E=
    dependencies:
      wrappy "1"
  
  only@~0.0.2:
    version "0.0.2"
    resolved "https://registry.yarnpkg.com/only/-/only-0.0.2.tgz"
    integrity sha1-Kv3oTQPlC5qO3EROMGEKcCle37Q=
  
  opentracing@^0.14.4:
    version "0.14.5"
    resolved "https://registry.yarnpkg.com/opentracing/-/opentracing-0.14.5.tgz"
    integrity sha512-XLKtEfHxqrWyF1fzxznsv78w3csW41ucHnjiKnfzZLD5FN8UBDZZL1i4q0FR29zjxXhm+2Hop+5Vr/b8tKIvEg==
  
  p-limit@^2.2.0:
    version "2.3.0"
    resolved "https://registry.yarnpkg.com/p-limit/-/p-limit-2.3.0.tgz"
    integrity sha512-//88mFWSJx8lxCzwdAABTJL2MyWB12+eIY7MDL2SqLmAkeKU9qxRvWuSyTjm3FUmpBEMuFfckAIqEaVGUDxb6w==
    dependencies:
      p-try "^2.0.0"
  
  p-try@^2.0.0:
    version "2.2.0"
    resolved "https://registry.yarnpkg.com/p-try/-/p-try-2.2.0.tgz"
    integrity sha512-R4nPAVTAU0B9D35/Gk3uJf/7XYbQcyohSKdvAxIRSNghFl4e71hVoGnBNQz9cWaXxO2I10KTC+3jMdvvoKw6dQ==
  
  parseurl@^1.3.2:
    version "1.3.3"
    resolved "https://registry.yarnpkg.com/parseurl/-/parseurl-1.3.3.tgz"
    integrity sha512-CiyeOxFT/JZyN5m0z9PfXw4SCBJ6Sygz1Dpl0wqjlhDEGGBP1GnsUVEL0p63hoG1fcj3fHynXi9NYO4nWOL+qQ==
  
  path-is-absolute@^1.0.0:
    version "1.0.1"
    resolved "https://registry.yarnpkg.com/path-is-absolute/-/path-is-absolute-1.0.1.tgz"
    integrity sha1-F0uSaHNVNP+8es5r9TpanhtcX18=
  
  path-to-regexp@^1.1.1:
    version "1.8.0"
    resolved "https://registry.yarnpkg.com/path-to-regexp/-/path-to-regexp-1.8.0.tgz"
    integrity sha512-n43JRhlUKUAlibEJhPeir1ncUID16QnEjNpwzNdO3Lm4ywrBpBZ5oLD0I6br9evr1Y9JTqwRtAh7JLoOzAQdVA==
    dependencies:
      isarray "0.0.1"
  
  process-nextick-args@~2.0.0:
    version "2.0.1"
    resolved "https://registry.yarnpkg.com/process-nextick-args/-/process-nextick-args-2.0.1.tgz"
    integrity sha512-3ouUOpQhtgrbOa17J7+uxOTpITYWaGP7/AhoR3+A+/1e9skrzelGi/dXzEYyvbxubEF6Wn2ypscTKiKJFFn1ag==
  
  process@^0.10.0:
    version "0.10.1"
    resolved "https://registry.yarnpkg.com/process/-/process-0.10.1.tgz"
    integrity sha1-hCRXzFHP7XLcd1r+6vuMYDQ3JyU=
  
  prom-client@^12.0.0:
    version "12.0.0"
    resolved "https://registry.yarnpkg.com/prom-client/-/prom-client-12.0.0.tgz#9689379b19bd3f6ab88a9866124db9da3d76c6ed"
    integrity sha512-JbzzHnw0VDwCvoqf8y1WDtq4wSBAbthMB1pcVI/0lzdqHGJI3KBJDXle70XK+c7Iv93Gihqo0a5LlOn+g8+DrQ==
    dependencies:
      tdigest "^0.1.1"
  
  pump@^3.0.0:
    version "3.0.0"
    resolved "https://registry.yarnpkg.com/pump/-/pump-3.0.0.tgz"
    integrity sha512-LwZy+p3SFs1Pytd/jYct4wpv49HiYCqd9Rlc5ZVdk0V+8Yzv6jR5Blk3TRmPL1ft69TxP0IMZGJ+WPFU2BFhww==
    dependencies:
      end-of-stream "^1.1.0"
      once "^1.3.1"
  
  qs@^6.5.1, qs@^6.5.2:
    version "6.10.1"
    resolved "https://registry.yarnpkg.com/qs/-/qs-6.10.1.tgz"
    integrity sha512-M528Hph6wsSVOBiYUnGf+K/7w0hNshs/duGsNXPUCLH5XAqjEtiPGwNONLV0tBH8NoGb0mvD5JubnUTrujKDTg==
    dependencies:
      side-channel "^1.0.4"
  
  querystring@^0.2.0:
    version "0.2.1"
    resolved "https://registry.yarnpkg.com/querystring/-/querystring-0.2.1.tgz"
    integrity sha512-wkvS7mL/JMugcup3/rMitHmd9ecIGd2lhFhK9N3UUQ450h66d1r3Y9nvXzQAW1Lq+wyx61k/1pfKS5KuKiyEbg==
  
  ramda@^0.26.0:
    version "0.26.1"
    resolved "https://registry.yarnpkg.com/ramda/-/ramda-0.26.1.tgz"
    integrity sha512-hLWjpy7EnsDBb0p+Z3B7rPi3GDeRG5ZtiI33kJhTt+ORCd38AbAIjB/9zRIUoeTbE/AVX5ZkU7m6bznsvrf8eQ==
  
  raw-body@^2.3.3:
    version "2.4.1"
    resolved "https://registry.yarnpkg.com/raw-body/-/raw-body-2.4.1.tgz"
    integrity sha512-9WmIKF6mkvA0SLmA2Knm9+qj89e+j1zqgyn8aXGd7+nAduPoqgI9lO57SAZNn/Byzo5P7JhXTyg9PzaJbH73bA==
    dependencies:
      bytes "3.1.0"
      http-errors "1.7.3"
      iconv-lite "0.4.24"
      unpipe "1.0.0"
  
  readable-stream@^2.0.0, readable-stream@^2.0.5, readable-stream@^2.3.6:
    version "2.3.7"
    resolved "https://registry.yarnpkg.com/readable-stream/-/readable-stream-2.3.7.tgz"
    integrity sha512-Ebho8K4jIbHAxnuxi7o42OrZgF/ZTNcsZj6nRKyUmkhLFq8CHItp/fy6hQZuZmP/n3yZ9VBUbp4zz/mX8hmYPw==
    dependencies:
      core-util-is "~1.0.0"
      inherits "~2.0.3"
      isarray "~1.0.0"
      process-nextick-args "~2.0.0"
      safe-buffer "~5.1.1"
      string_decoder "~1.1.1"
      util-deprecate "~1.0.1"
  
  readable-stream@^3.1.1, readable-stream@^3.4.0:
    version "3.6.0"
    resolved "https://registry.yarnpkg.com/readable-stream/-/readable-stream-3.6.0.tgz"
    integrity sha512-BViHy7LKeTz4oNnkcLJ+lVSL6vpiFeX6/d3oSH8zCW7UxP2onchk+vTGB143xuFjHS3deTgkKoXXymXqymiIdA==
    dependencies:
      inherits "^2.0.3"
      string_decoder "^1.1.1"
      util-deprecate "^1.0.1"
  
  redis@^0.12.1:
    version "0.12.1"
    resolved "https://registry.yarnpkg.com/redis/-/redis-0.12.1.tgz"
    integrity sha1-ZN92rQ/IrOuuvSoGReikj6xJGF4=
  
  regenerator-runtime@^0.13.4:
    version "0.13.9"
    resolved "https://registry.yarnpkg.com/regenerator-runtime/-/regenerator-runtime-0.13.9.tgz"
    integrity sha512-p3VT+cOEgxFsRRA9X4lkI1E+k2/CtnKtU4gcxyaCUreilL/vqI6CdZ3wxVUx3UOUg+gnUOQQcRI7BmSI656MYA==
  
  rwlock@^5.0.0:
    version "5.0.0"
    resolved "https://registry.yarnpkg.com/rwlock/-/rwlock-5.0.0.tgz"
    integrity sha1-iI1qd6M1HMGiCSBO8u4XIgk4Ns8=
  
  safe-buffer@5.1.2, safe-buffer@~5.1.0, safe-buffer@~5.1.1:
    version "5.1.2"
    resolved "https://registry.yarnpkg.com/safe-buffer/-/safe-buffer-5.1.2.tgz"
    integrity sha512-Gd2UZBJDkXlY7GbJxfsE8/nvKkUEU1G38c1siN6QP6a9PT9MmHB8GnpscSmMJSoF8LOIrt8ud/wPtojys4G6+g==
  
  safe-buffer@~5.2.0:
    version "5.2.1"
    resolved "https://registry.yarnpkg.com/safe-buffer/-/safe-buffer-5.2.1.tgz"
    integrity sha512-rp3So07KcdmmKbGvgaNxQSJr7bGVSVk5S9Eq1F+ppbRo70+YeaDxkw5Dd8NPN+GD6bjnYm2VuPuCXmpuYvmCXQ==
  
  "safer-buffer@>= 2.1.2 < 3":
    version "2.1.2"
    resolved "https://registry.yarnpkg.com/safer-buffer/-/safer-buffer-2.1.2.tgz"
    integrity sha512-YZo3K82SD7Riyi0E1EQPojLz7kpepnSQI9IyPbHHg1XXXevb5dJI7tpyN2ADxGcQbHG7vcyRHk0cbwqcQriUtg==
  
  semver@^5.5.1:
    version "5.7.1"
    resolved "https://registry.yarnpkg.com/semver/-/semver-5.7.1.tgz"
    integrity sha512-sauaDf/PZdVgrLTNYHRtpXa1iRiKcaebiKQ1BJdpQlWH2lCvexQdX55snPFyK7QzpudqbCI0qXFfOasHdyNDGQ==
  
  setprototypeof@1.1.1:
    version "1.1.1"
    resolved "https://registry.yarnpkg.com/setprototypeof/-/setprototypeof-1.1.1.tgz"
    integrity sha512-JvdAWfbXeIGaZ9cILp38HntZSFSo3mWg6xGcJJsd+d4aRMOqauag1C63dJfDw7OaMYwEbHMOxEZ1lqVRYP2OAw==
  
  setprototypeof@1.2.0:
    version "1.2.0"
    resolved "https://registry.yarnpkg.com/setprototypeof/-/setprototypeof-1.2.0.tgz"
    integrity sha512-E5LDX7Wrp85Kil5bhZv46j8jOeboKq5JMmYM3gVGdGH8xFpPWXUMsNrlODCrkoxMEeNi/XZIwuRvY4XNwYMJpw==
  
  side-channel@^1.0.4:
    version "1.0.4"
    resolved "https://registry.yarnpkg.com/side-channel/-/side-channel-1.0.4.tgz"
    integrity sha512-q5XPytqFEIKHkGdiMIrY10mvLRvnQh42/+GoBlFW3b2LXLE2xxJpZFdm94we0BaoV3RwJyGqg5wS7epxTv0Zvw==
    dependencies:
      call-bind "^1.0.0"
      get-intrinsic "^1.0.2"
      object-inspect "^1.9.0"
  
  stats-lite@vtex/node-stats-lite#dist:
    version "2.2.0"
    resolved "https://codeload.github.com/vtex/node-stats-lite/tar.gz/1b0d39cc41ef7aaecfd541191f877887a2044797"
    dependencies:
      isnumber "~1.0.0"
  
  "statuses@>= 1.5.0 < 2", statuses@^1.0.0, statuses@^1.5.0:
    version "1.5.0"
    resolved "https://registry.yarnpkg.com/statuses/-/statuses-1.5.0.tgz"
    integrity sha1-Fhx9rBd2Wf2YEfQ3cfqZOBR4Yow=
  
  streamsearch@0.1.2:
    version "0.1.2"
    resolved "https://registry.yarnpkg.com/streamsearch/-/streamsearch-0.1.2.tgz"
    integrity sha1-gIudDlb8Jz2Am6VzOOkpkZoanxo=
  
  string-template@~0.2.1:
    version "0.2.1"
    resolved "https://registry.yarnpkg.com/string-template/-/string-template-0.2.1.tgz"
    integrity sha1-QpMuWYo1LQH8IuwzZ9nYTuxsmt0=
  
  string_decoder@^1.1.1:
    version "1.3.0"
    resolved "https://registry.yarnpkg.com/string_decoder/-/string_decoder-1.3.0.tgz"
    integrity sha512-hkRX8U1WjJFd8LsDJ2yQ/wWWxaopEsABU1XfkM8A+j0+85JAGppt16cr1Whg6KIbb4okU6Mql6BOj+uup/wKeA==
    dependencies:
      safe-buffer "~5.2.0"
  
  string_decoder@~1.1.1:
    version "1.1.1"
    resolved "https://registry.yarnpkg.com/string_decoder/-/string_decoder-1.1.1.tgz"
    integrity sha512-n/ShnvDi6FHbbVfviro+WojiFzv+s8MPMHBczVePfUpDJLwoLT0ht1l4YwBCbi8pJAveEEdnkHyPyTP/mzRfwg==
    dependencies:
      safe-buffer "~5.1.0"
  
  supports-color@^5.3.0:
    version "5.5.0"
    resolved "https://registry.yarnpkg.com/supports-color/-/supports-color-5.5.0.tgz"
    integrity sha512-QjVjwdXIt408MIiAqCX4oUKsgU2EqAGzs2Ppkm4aQYbjm+ZEWEcW4SfFNTr4uMNZma0ey4f5lgLrkB0aX0QMow==
    dependencies:
      has-flag "^3.0.0"
  
  tar-fs@^2.0.0:
    version "2.1.1"
    resolved "https://registry.yarnpkg.com/tar-fs/-/tar-fs-2.1.1.tgz"
    integrity sha512-V0r2Y9scmbDRLCNex/+hYzvp/zyYjvFbHPNgVTKfQvVrb6guiE/fxP+XblDNR011utopbkex2nM4dHNV6GDsng==
    dependencies:
      chownr "^1.1.1"
      mkdirp-classic "^0.5.2"
      pump "^3.0.0"
      tar-stream "^2.1.4"
  
  tar-stream@^2.1.0, tar-stream@^2.1.4:
    version "2.2.0"
    resolved "https://registry.yarnpkg.com/tar-stream/-/tar-stream-2.2.0.tgz"
    integrity sha512-ujeqbceABgwMZxEJnk2HDY2DlnUZ+9oEcb1KzTVfYHio0UE6dG71n60d8D2I4qNvleWrrXpmjpt7vZeF1LnMZQ==
    dependencies:
      bl "^4.0.3"
      end-of-stream "^1.4.1"
      fs-constants "^1.0.0"
      inherits "^2.0.3"
      readable-stream "^3.1.1"
  
  tdigest@^0.1.1:
    version "0.1.1"
    resolved "https://registry.yarnpkg.com/tdigest/-/tdigest-0.1.1.tgz"
    integrity sha1-Ljyyw56kSeVdHmzZEReszKRYgCE=
    dependencies:
      bintrees "1.0.1"
  
  thriftrw@^3.5.0:
    version "3.12.0"
    resolved "https://registry.yarnpkg.com/thriftrw/-/thriftrw-3.12.0.tgz"
    integrity sha512-4YZvR4DPEI41n4Opwr4jmrLGG4hndxr7387kzRFIIzxHQjarPusH4lGXrugvgb7TtPrfZVTpZCVe44/xUxowEw==
    dependencies:
      bufrw "^1.3.0"
      error "7.0.2"
      long "^2.4.0"
  
  toidentifier@1.0.0:
    version "1.0.0"
    resolved "https://registry.yarnpkg.com/toidentifier/-/toidentifier-1.0.0.tgz"
    integrity sha512-yaOH/Pk/VEhBWWTlhI+qXxDFXlejDGcQipMlyxda9nthulaxLZUNcUqFxokp0vcYnvteJln5FNQDRrxj3YcbVw==
  
  toidentifier@1.0.1:
    version "1.0.1"
    resolved "https://registry.yarnpkg.com/toidentifier/-/toidentifier-1.0.1.tgz#3be34321a88a820ed1bd80dfaa33e479fbb8dd35"
    integrity sha512-o5sSPKEkg/DIQNmH43V0/uerLrpzVedkUh8tGNvaeXpfpuwjKenlSox/2O/BTlZUtEe+JG7s5YhEz608PlAHRA==
  
  tokenbucket@^0.3.2:
    version "0.3.2"
    resolved "https://registry.yarnpkg.com/tokenbucket/-/tokenbucket-0.3.2.tgz"
    integrity sha1-gXKytY4wg6zI2RRCb+0VFio6jpA=
    dependencies:
      bluebird "2.9.24"
      redis "^0.12.1"
  
  ts-invariant@^0.4.0:
    version "0.4.4"
    resolved "https://registry.yarnpkg.com/ts-invariant/-/ts-invariant-0.4.4.tgz"
    integrity sha512-uEtWkFM/sdZvRNNDL3Ehu4WVpwaulhwQszV8mrtcdeE8nN00BV9mAmQ88RkrBhFgl9gMgvjJLAQcZbnPXI9mlA==
    dependencies:
      tslib "^1.9.3"
  
  tslib@^1.10.0, tslib@^1.9.3:
    version "1.14.1"
    resolved "https://registry.yarnpkg.com/tslib/-/tslib-1.14.1.tgz"
    integrity sha512-Xni35NKzjgMrwevysHTCArtLDpPvye8zV/0E4EyYn43P7/7qvQwPh9BGkHewbMulVntbigmcT7rdX3BNo9wRJg==
  
  tsscmp@1.0.6:
    version "1.0.6"
    resolved "https://registry.yarnpkg.com/tsscmp/-/tsscmp-1.0.6.tgz"
    integrity sha512-LxhtAkPDTkVCMQjt2h6eBVY28KCjikZqZfMcC15YBeNjkgUpdCfBu5HoiOTDu86v6smE8yOjyEktJ8hlbANHQA==
  
  type-is@^1.6.16:
    version "1.6.18"
    resolved "https://registry.yarnpkg.com/type-is/-/type-is-1.6.18.tgz"
    integrity sha512-TkRKr9sUTxEH8MdfuCSP7VizJyzRNMjj2J2do2Jr3Kym598JVdEksuzPQCnlFPW4ky9Q+iA+ma9BGm06XQBy8g==
    dependencies:
      media-typer "0.3.0"
      mime-types "~2.1.24"
  
  typescript@3.9.7:
    version "3.9.7"
    resolved "https://registry.yarnpkg.com/typescript/-/typescript-3.9.7.tgz"
    integrity sha512-BLbiRkiBzAwsjut4x/dsibSTB6yWpwT5qWmC2OfuCg3GgVQCSgMs4vEctYPhsaGtd0AeuuHMkjZ2h2WG8MSzRw==
  
  universalify@^0.1.0:
    version "0.1.2"
    resolved "https://registry.yarnpkg.com/universalify/-/universalify-0.1.2.tgz"
    integrity sha512-rBJeI5CXAlmy1pV+617WB9J63U6XcazHHF2f2dbJix4XzpUF0RS3Zbj0FGIOCAva5P/d/GBOYaACQ1w+0azUkg==
  
  unpipe@1.0.0:
    version "1.0.0"
    resolved "https://registry.yarnpkg.com/unpipe/-/unpipe-1.0.0.tgz"
    integrity sha1-sr9O6FFKrmFltIF4KdIbLvSZBOw=
  
  urijs@^1.19.0:
    version "1.19.7"
    resolved "https://registry.yarnpkg.com/urijs/-/urijs-1.19.7.tgz"
    integrity sha512-Id+IKjdU0Hx+7Zx717jwLPsPeUqz7rAtuVBRLLs+qn+J2nf9NGITWVCxcijgYxBqe83C7sqsQPs6H1pyz3x9gA==
  
  util-deprecate@^1.0.1, util-deprecate@~1.0.1:
    version "1.0.2"
    resolved "https://registry.yarnpkg.com/util-deprecate/-/util-deprecate-1.0.2.tgz"
    integrity sha1-RQ1Nyfpw3nMnYvvS1KKJgUGaDM8=
  
  uuid@^3.1.0, uuid@^3.3.3:
    version "3.4.0"
    resolved "https://registry.yarnpkg.com/uuid/-/uuid-3.4.0.tgz"
    integrity sha512-HjSDRw6gZE5JMggctHBcjVak08+KEVhSIiDzFnT9S9aegmp85S/bReBVTb4QTFaRNptJ9kuYaNhnbNEOkbKb/A==
  
  uuid@^8.3.2:
    version "8.3.2"
    resolved "https://registry.yarnpkg.com/uuid/-/uuid-8.3.2.tgz#80d5b5ced271bb9af6c445f21a1a04c606cefbe2"
    integrity sha512-+NYs2QeMWy+GWFOEm9xnn6HCDp0l7QBD7ml8zLUmJ+93Q5NF0NocErnwkTkXVFNiX3/fpC6afS8Dhb/gz7R7eg==
  
  vary@^1.1.2:
    version "1.1.2"
    resolved "https://registry.yarnpkg.com/vary/-/vary-1.1.2.tgz"
    integrity sha1-IpnwLG3tMNSllhsLn3RSShj2NPw=
  
  "vtex.add-to-cart-button@http://vtex.vtexassets.com/_v/public/typings/v1/vtex.add-to-cart-button@0.28.0/public/@types/vtex.add-to-cart-button":
    version "0.28.0"
    resolved "http://vtex.vtexassets.com/_v/public/typings/v1/vtex.add-to-cart-button@0.28.0/public/@types/vtex.add-to-cart-button#9d9b0ead453d431c1a5277077614735851526e61"
  
  "vtex.address-form@http://vtex.vtexassets.com/_v/public/typings/v1/vtex.address-form@4.15.6/public/@types/vtex.address-form":
    version "4.15.6"
    resolved "http://vtex.vtexassets.com/_v/public/typings/v1/vtex.address-form@4.15.6/public/@types/vtex.address-form#84713f42220fae6ccfd7e1f527a341da6b550ab4"
  
  "vtex.channels-components@http://vtex.vtexassets.com/_v/public/typings/v1/vtex.channels-components@4.6.1/public/@types/vtex.channels-components":
    version "4.6.1"
    resolved "http://vtex.vtexassets.com/_v/public/typings/v1/vtex.channels-components@4.6.1/public/@types/vtex.channels-components"
    integrity sha512-gbVbMbn8DdPOMCuqQ/nSFXnuHUfcw8O8wiAXUnH93HD1Dkx24p5dkqAA7eciGrFu+iEtEUYG7ZHu4KDdEhsOGg==
  
  "vtex.css-handles@http://vtex.vtexassets.com/_v/public/typings/v1/vtex.css-handles@0.4.4/public/@types/vtex.css-handles":
    version "0.4.4"
    resolved "http://vtex.vtexassets.com/_v/public/typings/v1/vtex.css-handles@0.4.4/public/@types/vtex.css-handles"
    integrity sha512-QHSMD4rq2nKtJ1f1tH/RPqj4cYu2gKdghYHBdJSYzGh0e7AGD8ByCPzSdHyVnlO2OIRKAAqPHI05baN6neLYFg==
  
  "vtex.device-detector@http://vtex.vtexassets.com/_v/public/typings/v1/vtex.device-detector@0.2.6/public/@types/vtex.device-detector":
    version "0.2.6"
    resolved "http://vtex.vtexassets.com/_v/public/typings/v1/vtex.device-detector@0.2.6/public/@types/vtex.device-detector"
    integrity sha512-uGiyfDEhy8p1Omt8Cw2hs98YtRmmE3s8hfSsDO1+0Snh54Nf4v9SzRZKtBynoa6eUy9yEdotNZyui5sB1FoUqA==
  
  "vtex.flex-layout@http://vtex.vtexassets.com/_v/public/typings/v1/vtex.flex-layout@0.20.1/public/@types/vtex.flex-layout":
    version "0.20.1"
    resolved "http://vtex.vtexassets.com/_v/public/typings/v1/vtex.flex-layout@0.20.1/public/@types/vtex.flex-layout#dce9424c910091f0ba1f5229ce8ae80c9f7b7765"
  
  "vtex.format-currency@http://vtex.vtexassets.com/_v/public/typings/v1/vtex.format-currency@0.4.1/public/@types/vtex.format-currency":
    version "0.4.1"
    resolved "http://vtex.vtexassets.com/_v/public/typings/v1/vtex.format-currency@0.4.1/public/@types/vtex.format-currency#aaed82b498270f0bb6f37e93eff7e7f401e4d283"
  
  "vtex.login@http://vtex.vtexassets.com/_v/public/typings/v1/vtex.login@2.53.0/public/@types/vtex.login":
    version "2.53.0"
    resolved "http://vtex.vtexassets.com/_v/public/typings/v1/vtex.login@2.53.0/public/@types/vtex.login#1c75e2011b491ad683281d0447d476c51d37ac68"
  
  "vtex.menu@http://vtex.vtexassets.com/_v/public/typings/v1/vtex.menu@2.34.25/public/@types/vtex.menu":
    version "2.34.25"
    resolved "http://vtex.vtexassets.com/_v/public/typings/v1/vtex.menu@2.34.25/public/@types/vtex.menu#3f4c3aa3b5f8c396d1a630703862d354681ae5a2"
  
  "vtex.minicart@http://vtex.vtexassets.com/_v/public/typings/v1/vtex.minicart@2.63.5/public/@types/vtex.minicart":
    version "2.63.5"
    resolved "http://vtex.vtexassets.com/_v/public/typings/v1/vtex.minicart@2.63.5/public/@types/vtex.minicart#1a7763f5187241bd709beecd2a81ab5d96bd50be"
  
  "vtex.my-account-commons@http://vtex.vtexassets.com/_v/public/typings/v1/vtex.my-account-commons@1.6.0/public/@types/vtex.my-account-commons":
    version "1.6.0"
    resolved "http://vtex.vtexassets.com/_v/public/typings/v1/vtex.my-account-commons@1.6.0/public/@types/vtex.my-account-commons"
    integrity sha512-dhX+KztOydJYUiXuYlgqZxQSWuG/SIx31hxnjra8EoEB7m2n/laPj6hj28thsM0S2wuQQujPUjG1OpYBL95oFA==
  
  "vtex.my-account@http://vtex.vtexassets.com/_v/public/typings/v1/vtex.my-account@1.25.0/public/@types/vtex.my-account":
    version "1.25.0"
    resolved "http://vtex.vtexassets.com/_v/public/typings/v1/vtex.my-account@1.25.0/public/@types/vtex.my-account#3bc46389c0aa28f4e3e2e008fe3690f5901b1f2a"
  
  "vtex.native-types@http://vtex.vtexassets.com/_v/public/typings/v1/vtex.native-types@0.8.0/public/@types/vtex.native-types":
    version "0.8.0"
    resolved "http://vtex.vtexassets.com/_v/public/typings/v1/vtex.native-types@0.8.0/public/@types/vtex.native-types#4fb38349122295832408d511efefa604a0addc57"
  
  "vtex.order-items@http://vtex.vtexassets.com/_v/public/typings/v1/vtex.order-items@0.13.21/public/@types/vtex.order-items":
    version "0.13.21"
    resolved "http://vtex.vtexassets.com/_v/public/typings/v1/vtex.order-items@0.13.21/public/@types/vtex.order-items#b88b2d267bc1b2877cae92e657b3934d4f01a960"
  
  "vtex.order-manager@http://vtex.vtexassets.com/_v/public/typings/v1/vtex.order-manager@0.12.0/public/@types/vtex.order-manager":
    version "0.12.0"
    resolved "http://vtex.vtexassets.com/_v/public/typings/v1/vtex.order-manager@0.12.0/public/@types/vtex.order-manager#2cf6a9d2a31bc503b783c257695b0d17c09b5696"
  
  "vtex.order-placed@http://vtex.vtexassets.com/_v/public/typings/v1/vtex.order-placed@2.16.0/public/@types/vtex.order-placed":
    version "2.16.0"
    resolved "http://vtex.vtexassets.com/_v/public/typings/v1/vtex.order-placed@2.16.0/public/@types/vtex.order-placed#c8b407e53409bb8d915934d3d74f73264746713b"
  
  "vtex.order-shipping@http://vtex.vtexassets.com/_v/public/typings/v1/vtex.order-shipping@0.8.0/public/@types/vtex.order-shipping":
    version "0.8.0"
    resolved "http://vtex.vtexassets.com/_v/public/typings/v1/vtex.order-shipping@0.8.0/public/@types/vtex.order-shipping#4fc948cfa5eaac9b82d1b0d94bffa1796309851a"
  
  "vtex.paginated-table@http://vtex.vtexassets.com/_v/public/typings/v1/vtex.paginated-table@0.13.2/public/@types/vtex.paginated-table":
    version "0.13.2"
    resolved "http://vtex.vtexassets.com/_v/public/typings/v1/vtex.paginated-table@0.13.2/public/@types/vtex.paginated-table#39b5835f896f66d6ce5c547a05f2dcb5b945d259"
  
  "vtex.pixel-manager@http://vtex.vtexassets.com/_v/public/typings/v1/vtex.pixel-manager@1.8.0/public/@types/vtex.pixel-manager":
    version "1.8.0"
    resolved "http://vtex.vtexassets.com/_v/public/typings/v1/vtex.pixel-manager@1.8.0/public/@types/vtex.pixel-manager"
    integrity sha512-Tv7mBN5kkdMoLaT01GwsS6CIhwWpEcA+2xRDQh4myNR2MuG93E5sxVcaHMIuWRaMfdq/uYROtlQKLWaXEog5UA==
  
  "vtex.product-context@http://vtex.vtexassets.com/_v/public/typings/v1/vtex.product-context@0.10.0/public/@types/vtex.product-context":
    version "0.10.0"
    resolved "http://vtex.vtexassets.com/_v/public/typings/v1/vtex.product-context@0.10.0/public/@types/vtex.product-context"
    integrity sha512-wib/8sXnd5mYRaYxL0NlCTAbyhq02VQLzhHPjW3ixA5uJn8+7TGTloBMpW2g0Pz3Avj/Y1Z98NDFSWz+nUKM6w==
  
  "vtex.product-list-context@http://vtex.vtexassets.com/_v/public/typings/v1/vtex.product-list-context@0.4.1/public/@types/vtex.product-list-context":
    version "0.4.1"
    resolved "http://vtex.vtexassets.com/_v/public/typings/v1/vtex.product-list-context@0.4.1/public/@types/vtex.product-list-context#e17348f7c5a4b6d543da1ce8858a726cb6d72fae"
  
  "vtex.product-review-interfaces@http://vtex.vtexassets.com/_v/public/typings/v1/vtex.product-review-interfaces@1.0.2/public/_types/react":
    version "1.0.2"
    resolved "http://vtex.vtexassets.com/_v/public/typings/v1/vtex.product-review-interfaces@1.0.2/public/_types/react"
    integrity sha512-AqQxy72ApdidruuGCFV1DESP6rO/cQBmwExTCxrDL2Wa/ybLhGnwtBVl/+WmQ2+G6aDA9y4Lx3QyUNunElf5HA==
  
  "vtex.product-summary-context@http://vtex.vtexassets.com/_v/public/typings/v1/vtex.product-summary-context@0.9.0/public/@types/vtex.product-summary-context":
    version "0.9.0"
    resolved "http://vtex.vtexassets.com/_v/public/typings/v1/vtex.product-summary-context@0.9.0/public/@types/vtex.product-summary-context"
    integrity sha512-bPhUpMy4Iac7jlKGFYbSyYzBShjJZE7/4KKYHEHOtRyZj6B35EWWLqgUj9un3d5fwFEFLkUwa3HkF/j504DZVQ==
  
  "vtex.product-summary@http://vtex.vtexassets.com/_v/public/typings/v1/vtex.product-summary@2.80.1/public/@types/vtex.product-summary":
    version "2.80.1"
    resolved "http://vtex.vtexassets.com/_v/public/typings/v1/vtex.product-summary@2.80.1/public/@types/vtex.product-summary#1210c99a487010c96c987033056e81437dcb289a"
  
  "vtex.profile-form@http://vtex.vtexassets.com/_v/public/typings/v1/vtex.profile-form@2.19.1/public/@types/vtex.profile-form":
    version "2.19.1"
    resolved "http://vtex.vtexassets.com/_v/public/typings/v1/vtex.profile-form@2.19.1/public/@types/vtex.profile-form#d1740de3fa011f92aa5a84e6117974fb03159429"
  
  "vtex.render-runtime@http://vtex.vtexassets.com/_v/public/typings/v1/vtex.render-runtime@8.132.4/public/@types/vtex.render-runtime":
    version "8.132.4"
    resolved "http://vtex.vtexassets.com/_v/public/typings/v1/vtex.render-runtime@8.132.4/public/@types/vtex.render-runtime#66bb41bd4d342e37c9d85172aad5f7eefebfb6dc"
  
  "vtex.responsive-values@http://vtex.vtexassets.com/_v/public/typings/v1/vtex.responsive-values@0.4.2/public/@types/vtex.responsive-values":
    version "0.4.2"
    resolved "http://vtex.vtexassets.com/_v/public/typings/v1/vtex.responsive-values@0.4.2/public/@types/vtex.responsive-values"
    integrity sha512-OnXSpu7trvuoHUe+1zgO3pR1iQocC4lj42vmqZ1WHGr82d4nlobG7HdYY7IBIfHXNBzJGU/9vCfq5OIgrDTuCQ==
  
  "vtex.rich-text@http://vtex.vtexassets.com/_v/public/typings/v1/vtex.rich-text@0.15.0/public/@types/vtex.rich-text":
    version "0.15.0"
    resolved "http://vtex.vtexassets.com/_v/public/typings/v1/vtex.rich-text@0.15.0/public/@types/vtex.rich-text"
    integrity sha512-x4FoWs1Ox6x2bdWERL1jOlzAyK59VkHI7VaQqpIS0yuUVA3MUbRR/msIFMQg4yUzqRvCMviJRygd/x4LSHOyEA==
  
  "vtex.search-graphql@http://vtex.vtexassets.com/_v/public/typings/v1/vtex.search-graphql@0.50.0/public/@types/vtex.search-graphql":
    version "0.50.0"
    resolved "http://vtex.vtexassets.com/_v/public/typings/v1/vtex.search-graphql@0.50.0/public/@types/vtex.search-graphql#e29e418461f338165a1f4ddaf2ed0fd2e7246420"
  
  "vtex.search-page-context@http://vtex.vtexassets.com/_v/public/typings/v1/vtex.search-page-context@0.2.0/public/@types/vtex.search-page-context":
    version "0.2.0"
    resolved "http://vtex.vtexassets.com/_v/public/typings/v1/vtex.search-page-context@0.2.0/public/@types/vtex.search-page-context#1b37f20648d8e4ff062ae9fffb0aa2718f172af7"
  
  "vtex.session-client@http://vtex.vtexassets.com/_v/public/typings/v1/vtex.session-client@1.0.2/public/@types/vtex.session-client":
    version "1.0.2"
    resolved "http://vtex.vtexassets.com/_v/public/typings/v1/vtex.session-client@1.0.2/public/@types/vtex.session-client"
    integrity sha512-BqVPfeoUbaQUwmf3ydErAVqSiqeCGaQEusVKdH6MuM1vHTh9yq1ZhDgAU/rpFZrHwJBlWFx0U13azObloWsa0Q==
  
  "vtex.shipping-estimate-translator@http://vtex.vtexassets.com/_v/public/typings/v1/vtex.shipping-estimate-translator@2.2.3/public/@types/vtex.shipping-estimate-translator":
    version "2.2.3"
    resolved "http://vtex.vtexassets.com/_v/public/typings/v1/vtex.shipping-estimate-translator@2.2.3/public/@types/vtex.shipping-estimate-translator#56c520e45e61572c253542572c153eb1ad0f993f"
  
  "vtex.shop-review-interfaces@http://vtex.vtexassets.com/_v/public/typings/v1/vtex.shop-review-interfaces@0.3.1/public/@types/vtex.shop-review-interfaces":
    version "0.3.1"
    resolved "http://vtex.vtexassets.com/_v/public/typings/v1/vtex.shop-review-interfaces@0.3.1/public/@types/vtex.shop-review-interfaces#675fea5b65b960786395a801ddfdbe8c54da6862"
  
  "vtex.slider-layout@http://vtex.vtexassets.com/_v/public/typings/v1/vtex.slider-layout@0.23.0/public/@types/vtex.slider-layout":
    version "0.23.0"
    resolved "http://vtex.vtexassets.com/_v/public/typings/v1/vtex.slider-layout@0.23.0/public/@types/vtex.slider-layout#cfb7246c982a5133f75a78bba92e3c1b64cae4c4"
  
  "vtex.store-components@http://vtex.vtexassets.com/_v/public/typings/v1/vtex.store-components@3.162.2/public/@types/vtex.store-components":
    version "3.162.2"
    resolved "http://vtex.vtexassets.com/_v/public/typings/v1/vtex.store-components@3.162.2/public/@types/vtex.store-components#f065b741b78c044c2f5f6549b6c1b1afd5a227c7"
  
  "vtex.store-drawer@http://vtex.vtexassets.com/_v/public/typings/v1/vtex.store-drawer@0.16.2/public/@types/vtex.store-drawer":
    version "0.16.2"
    resolved "http://vtex.vtexassets.com/_v/public/typings/v1/vtex.store-drawer@0.16.2/public/@types/vtex.store-drawer#3e3a0e07babcf623922f1eb0c85185bcd12b8002"
  
  "vtex.store-graphql@http://vtex.vtexassets.com/_v/public/typings/v1/vtex.store-graphql@2.157.1/public/@types/vtex.store-graphql":
    version "2.157.1"
    resolved "http://vtex.vtexassets.com/_v/public/typings/v1/vtex.store-graphql@2.157.1/public/@types/vtex.store-graphql#43d0eb0f732d38fa0885237fecf46a12dd974541"
  
  "vtex.store-icons@http://vtex.vtexassets.com/_v/public/typings/v1/vtex.store-icons@0.18.0/public/@types/vtex.store-icons":
    version "0.18.0"
    resolved "http://vtex.vtexassets.com/_v/public/typings/v1/vtex.store-icons@0.18.0/public/@types/vtex.store-icons"
    integrity sha512-mMiK/3sReYefdXIJ+UY0LOqasaKL1ylumX5fr0iOi2uT5hBLW8EYVZK7YX2eKv3FT+2NRicYiuoLHzev5fpOlQ==
  
  "vtex.store-image@http://vtex.vtexassets.com/_v/public/typings/v1/vtex.store-image@0.15.0/public/@types/vtex.store-image":
    version "0.15.0"
    resolved "http://vtex.vtexassets.com/_v/public/typings/v1/vtex.store-image@0.15.0/public/@types/vtex.store-image#5f96a89b8eccce7ac86e487d4c61d96f770bf785"
  
  "vtex.store-resources@http://vtex.vtexassets.com/_v/public/typings/v1/vtex.store-resources@0.88.0/public/@types/vtex.store-resources":
    version "0.88.0"
    resolved "http://vtex.vtexassets.com/_v/public/typings/v1/vtex.store-resources@0.88.0/public/@types/vtex.store-resources#1febd4136aa159ae8bb2f2b5cf2c45624a407ad8"
  
  "vtex.store@http://vtex.vtexassets.com/_v/public/typings/v1/vtex.store@2.127.0/public/@types/vtex.store":
    version "2.127.0"
    resolved "http://vtex.vtexassets.com/_v/public/typings/v1/vtex.store@2.127.0/public/@types/vtex.store#d78eafaef1ea6f4e87cbc7adc869bff44e437329"
  
  "vtex.structured-data@http://vtex.vtexassets.com/_v/public/typings/v1/vtex.structured-data@0.9.1/public/@types/vtex.structured-data":
    version "0.9.1"
    resolved "http://vtex.vtexassets.com/_v/public/typings/v1/vtex.structured-data@0.9.1/public/@types/vtex.structured-data#6f612c921c5df19c2f065082448dd24a91fcc9b4"
  
  "vtex.styleguide@http://vtex.vtexassets.com/_v/public/typings/v1/vtex.styleguide@9.146.3/public/@types/vtex.styleguide":
    version "9.146.3"
    resolved "http://vtex.vtexassets.com/_v/public/typings/v1/vtex.styleguide@9.146.3/public/@types/vtex.styleguide#05558160f29cd8f4aefe419844a4bd66e2b3fdbb"
  
  wrappy@1:
    version "1.0.2"
    resolved "https://registry.yarnpkg.com/wrappy/-/wrappy-1.0.2.tgz"
    integrity sha1-tSQ9jz7BqjXxNkYFvA0QNuMKtp8=
  
  xorshift@^1.1.1:
    version "1.2.0"
    resolved "https://registry.yarnpkg.com/xorshift/-/xorshift-1.2.0.tgz#30a4cdd8e9f8d09d959ed2a88c42a09c660e8148"
    integrity sha512-iYgNnGyeeJ4t6U11NpA/QiKy+PXn5Aa3Azg5qkwIFz1tBLllQrjjsk9yzD7IAK0naNU4JxdeDgqW9ov4u/hc4g==
  
  xss@^1.0.6:
    version "1.0.10"
    resolved "https://registry.yarnpkg.com/xss/-/xss-1.0.10.tgz"
    integrity sha512-qmoqrRksmzqSKvgqzN0055UFWY7OKx1/9JWeRswwEVX9fCG5jcYRxa/A2DHcmZX6VJvjzHRQ2STeeVcQkrmLSw==
    dependencies:
      commander "^2.20.3"
      cssfilter "0.0.10"
  
  xtend@^4.0.0, xtend@~4.0.0:
    version "4.0.2"
    resolved "https://registry.yarnpkg.com/xtend/-/xtend-4.0.2.tgz"
    integrity sha512-LKYU1iAXJXUgAXn9URjiu+MWhyUXHsvfp7mcuYm9dSUKK0/CjtrUwFAxD82/mCWbtLsGjFIad0wIsod4zrTAEQ==
  
  yallist@^3.0.2:
    version "3.1.1"
    resolved "https://registry.yarnpkg.com/yallist/-/yallist-3.1.1.tgz"
    integrity sha512-a4UGQaWPH59mOXUYnAG2ewncQS4i4F43Tv3JoAM+s2VDAmS9NsK8GpDMLrCHPksFT7h3K6TOoUNn2pb7RoXx4g==
  
  ylru@^1.2.0:
    version "1.2.1"
    resolved "https://registry.yarnpkg.com/ylru/-/ylru-1.2.1.tgz"
    integrity sha512-faQrqNMzcPCHGVC2aaOINk13K+aaBDUPjGWl0teOXywElLjyVAB6Oe2jj62jHYtwsU49jXhScYbvPENK+6zAvQ==
  
  zen-observable-ts@^0.8.21:
    version "0.8.21"
    resolved "https://registry.yarnpkg.com/zen-observable-ts/-/zen-observable-ts-0.8.21.tgz"
    integrity sha512-Yj3yXweRc8LdRMrCC8nIc4kkjWecPAUVh0TI0OUrWXx6aX790vLcDlWca6I4vsyCGH3LpWxq0dJRcMOFoVqmeg==
    dependencies:
      tslib "^1.9.3"
      zen-observable "^0.8.0"
  
  zen-observable@^0.8.0:
    version "0.8.15"
    resolved "https://registry.yarnpkg.com/zen-observable/-/zen-observable-0.8.15.tgz"
    integrity sha512-PQ2PC7R9rslx84ndNBZB/Dkv8V8fZEpk83RLgXtYd0fwUgEjseMn1Dgajh2x6S8QbZAFa9p2qVCEuYZNgve0dQ==
  
  zip-stream@^2.1.2:
    version "2.1.3"
    resolved "https://registry.yarnpkg.com/zip-stream/-/zip-stream-2.1.3.tgz"
    integrity sha512-EkXc2JGcKhO5N5aZ7TmuNo45budRaFGHOmz24wtJR7znbNqDPmdZtUauKX6et8KAVseAMBOyWJqEpXcHTBsh7Q==
    dependencies:
      archiver-utils "^2.1.0"
      compress-commons "^2.1.1"
      readable-stream "^3.4.0"
